Max pattern length: 40
--------------------------
Genome 1/53: NC_017372
No PAI sequences
CPAI 1/1: 314 unique patterns
NPAI 1/1: island too large
--------------------------
Genome 2/53: NC_011333
No PAI sequences
No CPAI sequences
NPAI 1/2: island too large
NPAI 2/2: 594 unique patterns
--------------------------
Genome 3/53: NC_008086
No PAI sequences
CPAI 1/1: island too large
No NPAI sequences
--------------------------
Genome 4/53: NC_021882
No PAI sequences
CPAI 1/1: island too large
No NPAI sequences
--------------------------
Genome 5/53: NC_010698
No PAI sequences
CPAI 1/1: 568 unique patterns
NPAI 1/1: island too large
--------------------------
Genome 6/53: NC_017359
No PAI sequences
No CPAI sequences
NPAI 1/1: 18858 unique patterns
--------------------------
Genome 7/53: NC_017355
No PAI sequences
No CPAI sequences
NPAI 1/2: 18216 unique patterns
NPAI 2/2: 81965 unique patterns
--------------------------
Genome 8/53: NC_017375
No PAI sequences
CPAI 1/1: island too large
No NPAI sequences
--------------------------
Genome 9/53: NC_017739
No PAI sequences
CPAI 1/1: 33 unique patterns
NPAI 1/2: island too large
NPAI 2/2: 406 unique patterns
--------------------------
Genome 10/53: NC_020508
No PAI sequences
CPAI 1/2: 176 unique patterns
CPAI 2/2: island too large
No NPAI sequences
--------------------------
Genome 11/53: NC_017919
No PAI sequences
No CPAI sequences
NPAI 1/1: 10269 unique patterns
--------------------------
Genome 12/53: NC_017382
No PAI sequences
No CPAI sequences
NPAI 1/2: island too large
NPAI 2/2: 172 unique patterns
--------------------------
Genome 13/53: NC_019563
No PAI sequences
No CPAI sequences
NPAI 1/1: 58 unique patterns
--------------------------
Genome 14/53: NC_017378
No PAI sequences
No CPAI sequences
NPAI 1/1: island too large
--------------------------
Genome 15/53: NC_012973
No PAI sequences
No CPAI sequences
NPAI 1/1: 115 unique patterns
--------------------------
Genome 16/53: NC_021216
No PAI sequences
CPAI 1/1: island too large
No NPAI sequences
--------------------------
Genome 17/53: NC_014560
No PAI sequences
CPAI 1/1: 144 unique patterns
NPAI 1/1: island too large
--------------------------
Genome 18/53: NC_021218
No PAI sequences
No CPAI sequences
NPAI 1/2: 548 unique patterns
NPAI 2/2: island too large
--------------------------
Genome 19/53: NC_017368
PAI 1/1: 22999 unique patterns
CPAI 1/1: island too large
No NPAI sequences
--------------------------
Genome 20/53: NC_014256
PAI 1/1: island too large
CPAI 1/1: 189 unique patterns
NPAI 1/1: island too large
--------------------------
Genome 21/53: NC_020509
No PAI sequences
No CPAI sequences
NPAI 1/1: island too large
--------------------------
Genome 22/53: NC_022130
No PAI sequences
No CPAI sequences
NPAI 1/2: 3097 unique patterns
NPAI 2/2: 708 unique patterns
--------------------------
Genome 23/53: NC_018939
No PAI sequences
CPAI 1/2: 0 unique patterns
CPAI 2/2: island too large
No NPAI sequences
--------------------------
Genome 24/53: NC_017741
No PAI sequences
CPAI 1/3: 51 unique patterns
CPAI 2/3: island too large
CPAI 3/3: 367 unique patterns
No NPAI sequences
--------------------------
Genome 25/53: NC_018937
No PAI sequences
CPAI 1/2: 0 unique patterns
CPAI 2/2: island too large
No NPAI sequences
--------------------------
Genome 26/53: NC_000921
PAI 1/1: 17978 unique patterns
No CPAI sequences
NPAI 1/1: island too large
--------------------------
Genome 27/53: NC_017371
No PAI sequences
CPAI 1/1: 707 unique patterns
NPAI 1/1: island too large
--------------------------
Genome 28/53: NC_019560
No PAI sequences
CPAI 1/1: 45 unique patterns
NPAI 1/2: 34 unique patterns
NPAI 2/2: 171 unique patterns
--------------------------
Genome 29/53: NC_017358
No PAI sequences
No CPAI sequences
NPAI 1/2: 537 unique patterns
NPAI 2/2: island too large
--------------------------
Genome 30/53: NC_021217
No PAI sequences
No CPAI sequences
NPAI 1/1: island too large
--------------------------
Genome 31/53: NC_017733
No PAI sequences
CPAI 1/1: island too large
No NPAI sequences
--------------------------
Genome 32/53: NC_017926
No PAI sequences
CPAI 1/2: 278 unique patterns
CPAI 2/2: island too large
No NPAI sequences
--------------------------
Genome 33/53: NC_018938
No PAI sequences
CPAI 1/2: 0 unique patterns
CPAI 2/2: island too large
No NPAI sequences
--------------------------
Genome 34/53: NC_017063
No PAI sequences
No CPAI sequences
NPAI 1/1: island too large
--------------------------
Genome 35/53: NC_017366
PAI 1/1: 29601 unique patterns
CPAI 1/1: island too large
No NPAI sequences
--------------------------
Genome 36/53: NC_017740
No PAI sequences
CPAI 1/1: 574 unique patterns
NPAI 1/1: island too large
--------------------------
Genome 37/53: NC_000915
PAI 1/1: 0 unique patterns
CPAI 1/1: 0 unique patterns
NPAI 1/1: island too large
--------------------------
Genome 38/53: NC_017374
No PAI sequences
CPAI 1/1: island too large
No NPAI sequences
--------------------------
Genome 39/53: NC_017376
No PAI sequences
CPAI 1/1: 307 unique patterns
NPAI 1/1: island too large
--------------------------
Genome 40/53: NC_017367
PAI 1/1: 19282 unique patterns
CPAI 1/2: 317 unique patterns
CPAI 2/2: island too large
No NPAI sequences
--------------------------
Genome 41/53: NC_014555
No PAI sequences
CPAI 1/2: island too large
CPAI 2/2: island too large
No NPAI sequences
--------------------------
Genome 42/53: NC_017379
No PAI sequences
No CPAI sequences
NPAI 1/2: island too large
NPAI 2/2: 469 unique patterns
--------------------------
Genome 43/53: NC_017363
No PAI sequences
No CPAI sequences
NPAI 1/1: 5071 unique patterns
--------------------------
Genome 44/53: NC_011498
PAI 1/1: island too large
No CPAI sequences
NPAI 1/2: island too large
NPAI 2/2: island too large
--------------------------
Genome 45/53: NC_017357
No PAI sequences
No CPAI sequences
NPAI 1/1: island too large
--------------------------
Genome 46/53: NC_017742
No PAI sequences
No CPAI sequences
NPAI 1/1: island too large
--------------------------
Genome 47/53: NC_017361
No PAI sequences
CPAI 1/2: 494 unique patterns
CPAI 2/2: island too large
NPAI 1/1: 66 unique patterns
--------------------------
Genome 48/53: NC_017381
No PAI sequences
No CPAI sequences
NPAI 1/1: island too large
--------------------------
Genome 49/53: NC_017362
No PAI sequences
No CPAI sequences
NPAI 1/1: island too large
--------------------------
Genome 50/53: NC_021215
No PAI sequences
CPAI 1/1: island too large
No NPAI sequences
--------------------------
Genome 51/53: NC_017360
No PAI sequences
CPAI 1/1: island too large
No NPAI sequences
--------------------------
Genome 52/53: NC_017365
PAI 1/1: 28634 unique patterns
CPAI 1/1: island too large
No NPAI sequences
--------------------------
Genome 53/53: NC_017354
No PAI sequences
No CPAI sequences
NPAI 1/1: island too large
--------------------------
