Max pattern length: 40
--------------------------
Genome 1/53: NC_017372
No PAI sequences
CPAI 1/1: 538 patterns found
NPAI 1/1: 555 patterns found
--------------------------
Genome 2/53: NC_011333
No PAI sequences
No CPAI sequences
NPAI 1/2: 550 patterns found
NPAI 2/2: 533 patterns found
--------------------------
Genome 3/53: NC_008086
No PAI sequences
CPAI 1/1: 542 patterns found
No NPAI sequences
--------------------------
Genome 4/53: NC_021882
No PAI sequences
CPAI 1/1: 524 patterns found
No NPAI sequences
--------------------------
Genome 5/53: NC_010698
No PAI sequences
CPAI 1/1: 524 patterns found
NPAI 1/1: 550 patterns found
--------------------------
Genome 6/53: NC_017359
No PAI sequences
No CPAI sequences
NPAI 1/1: 552 patterns found
--------------------------
Genome 7/53: NC_017355
No PAI sequences
No CPAI sequences
NPAI 1/2: 550 patterns found
NPAI 2/2: 564 patterns found
--------------------------
Genome 8/53: NC_017375
No PAI sequences
CPAI 1/1: 557 patterns found
No NPAI sequences
--------------------------
Genome 9/53: NC_017739
No PAI sequences
CPAI 1/1: 517 patterns found
NPAI 1/2: 533 patterns found
NPAI 2/2: 516 patterns found
--------------------------
Genome 10/53: NC_020508
No PAI sequences
CPAI 1/2: 531 patterns found
CPAI 2/2: 522 patterns found
No NPAI sequences
--------------------------
Genome 11/53: NC_017919
No PAI sequences
No CPAI sequences
NPAI 1/1: 614 patterns found
--------------------------
Genome 12/53: NC_017382
No PAI sequences
No CPAI sequences
NPAI 1/2: 560 patterns found
NPAI 2/2: 533 patterns found
--------------------------
Genome 13/53: NC_019563
No PAI sequences
No CPAI sequences
NPAI 1/1: 537 patterns found
--------------------------
Genome 14/53: NC_017378
No PAI sequences
No CPAI sequences
NPAI 1/1: 546 patterns found
--------------------------
Genome 15/53: NC_012973
No PAI sequences
No CPAI sequences
NPAI 1/1: 462 patterns found
--------------------------
Genome 16/53: NC_021216
No PAI sequences
CPAI 1/1: 552 patterns found
No NPAI sequences
--------------------------
Genome 17/53: NC_014560
No PAI sequences
CPAI 1/1: 526 patterns found
NPAI 1/1: 554 patterns found
--------------------------
Genome 18/53: NC_021218
No PAI sequences
No CPAI sequences
NPAI 1/2: 522 patterns found
NPAI 2/2: 545 patterns found
--------------------------
Genome 19/53: NC_017368
PAI 1/1: 559 patterns found
CPAI 1/1: 96 patterns found
No NPAI sequences
--------------------------
Genome 20/53: NC_014256
PAI 1/1: 559 patterns found
CPAI 1/1: 533 patterns found
NPAI 1/1: 103 patterns found
--------------------------
Genome 21/53: NC_020509
No PAI sequences
No CPAI sequences
NPAI 1/1: 550 patterns found
--------------------------
Genome 22/53: NC_022130
No PAI sequences
No CPAI sequences
NPAI 1/2: 542 patterns found
NPAI 2/2: 520 patterns found
--------------------------
Genome 23/53: NC_018939
No PAI sequences
CPAI 1/2: 546 patterns found
CPAI 2/2: 552 patterns found
No NPAI sequences
--------------------------
Genome 24/53: NC_017741
No PAI sequences
CPAI 1/3: 523 patterns found
CPAI 2/3: 563 patterns found
CPAI 3/3: 514 patterns found
No NPAI sequences
--------------------------
Genome 25/53: NC_018937
No PAI sequences
CPAI 1/2: 546 patterns found
CPAI 2/2: 552 patterns found
No NPAI sequences
--------------------------
Genome 26/53: NC_000921
PAI 1/1: 559 patterns found
No CPAI sequences
NPAI 1/1: 78 patterns found
--------------------------
Genome 27/53: NC_017371
No PAI sequences
CPAI 1/1: 532 patterns found
NPAI 1/1: 560 patterns found
--------------------------
Genome 28/53: NC_019560
No PAI sequences
CPAI 1/1: 267 patterns found
NPAI 1/2: 545 patterns found
NPAI 2/2: 541 patterns found
--------------------------
Genome 29/53: NC_017358
No PAI sequences
No CPAI sequences
NPAI 1/2: 529 patterns found
NPAI 2/2: 549 patterns found
--------------------------
Genome 30/53: NC_021217
No PAI sequences
No CPAI sequences
NPAI 1/1: 548 patterns found
--------------------------
Genome 31/53: NC_017733
No PAI sequences
CPAI 1/1: 546 patterns found
No NPAI sequences
--------------------------
Genome 32/53: NC_017926
No PAI sequences
CPAI 1/2: 530 patterns found
CPAI 2/2: 547 patterns found
No NPAI sequences
--------------------------
Genome 33/53: NC_018938
No PAI sequences
CPAI 1/2: 546 patterns found
CPAI 2/2: 552 patterns found
No NPAI sequences
--------------------------
Genome 34/53: NC_017063
No PAI sequences
No CPAI sequences
NPAI 1/1: 550 patterns found
--------------------------
Genome 35/53: NC_017366
PAI 1/1: 540 patterns found
CPAI 1/1: 76 patterns found
No NPAI sequences
--------------------------
Genome 36/53: NC_017740
No PAI sequences
CPAI 1/1: 528 patterns found
NPAI 1/1: 552 patterns found
--------------------------
Genome 37/53: NC_000915
PAI 1/1: 551 patterns found
CPAI 1/1: 545 patterns found
NPAI 1/1: 110 patterns found
--------------------------
Genome 38/53: NC_017374
No PAI sequences
CPAI 1/1: 535 patterns found
No NPAI sequences
--------------------------
Genome 39/53: NC_017376
No PAI sequences
CPAI 1/1: 526 patterns found
NPAI 1/1: 549 patterns found
--------------------------
Genome 40/53: NC_017367
PAI 1/1: 564 patterns found
CPAI 1/2: 522 patterns found
CPAI 2/2: 87 patterns found
No NPAI sequences
--------------------------
Genome 41/53: NC_014555
No PAI sequences
CPAI 1/2: 559 patterns found
CPAI 2/2: 522 patterns found
No NPAI sequences
--------------------------
Genome 42/53: NC_017379
No PAI sequences
No CPAI sequences
NPAI 1/2: 540 patterns found
NPAI 2/2: 540 patterns found
--------------------------
Genome 43/53: NC_017363
No PAI sequences
No CPAI sequences
NPAI 1/1: 625 patterns found
--------------------------
Genome 44/53: NC_011498
PAI 1/1: 517 patterns found
No CPAI sequences
NPAI 1/2: 0 patterns found
NPAI 2/2: 549 patterns found
--------------------------
Genome 45/53: NC_017357
No PAI sequences
No CPAI sequences
NPAI 1/1: 543 patterns found
--------------------------
Genome 46/53: NC_017742
No PAI sequences
No CPAI sequences
NPAI 1/1: 545 patterns found
--------------------------
Genome 47/53: NC_017361
No PAI sequences
CPAI 1/2: 525 patterns found
CPAI 2/2: 469 patterns found
NPAI 1/1: 543 patterns found
--------------------------
Genome 48/53: NC_017381
No PAI sequences
No CPAI sequences
NPAI 1/1: 537 patterns found
--------------------------
Genome 49/53: NC_017362
No PAI sequences
No CPAI sequences
NPAI 1/1: 545 patterns found
--------------------------
Genome 50/53: NC_021215
No PAI sequences
CPAI 1/1: 446 patterns found
No NPAI sequences
--------------------------
Genome 51/53: NC_017360
No PAI sequences
CPAI 1/1: 543 patterns found
No NPAI sequences
--------------------------
Genome 52/53: NC_017365
PAI 1/1: 557 patterns found
CPAI 1/1: 105 patterns found
No NPAI sequences
--------------------------
Genome 53/53: NC_017354
No PAI sequences
No CPAI sequences
NPAI 1/1: 560 patterns found
--------------------------
