Max pattern length: 100
--------------------------
Genome 1/90: NC_010468
No PAI sequences
CPAI 1/3: 4 unique patterns
CPAI 2/3: 70 unique patterns
Max pattern length: 100
--------------------------
Genome 1/90: NC_010468
No PAI sequences
CPAI 1/3: 4 unique patterns
CPAI 2/3: 70 unique patterns
CPAI 3/3: 96 unique patterns
NPAI 1/2: 15 unique patterns
NPAI 2/2: 17 unique patterns
--------------------------
Genome 2/90: NC_011748
No PAI sequences
CPAI 1/10: 126 unique patterns
CPAI 2/10: 4084 unique patterns
CPAI 3/10: 61 unique patterns
CPAI 4/10: 10 unique patterns
CPAI 5/10: 198 unique patterns
