Max pattern length: 100
--------------------------
Genome 1/90: NC_010468
No PAI sequences
CPAI 1/3: 1742 unique patterns
CPAI 2/3: 1735 unique patterns
CPAI 3/3: 631 unique patterns
NPAI 1/2: 1743 unique patterns
NPAI 2/2: 1746 unique patterns
--------------------------
Genome 2/90: NC_011748
No PAI sequences
CPAI 1/10: 641 unique patterns
CPAI 2/10: 1760 unique patterns
CPAI 3/10: 1751 unique patterns
CPAI 4/10: 1749 unique patterns
CPAI 5/10: 1619 unique patterns
CPAI 6/10: 581 unique patterns
CPAI 7/10: 36 unique patterns
CPAI 8/10: 1638 unique patterns
CPAI 9/10: 1648 unique patterns
CPAI 10/10: 1066 unique patterns
NPAI 1/1: 1740 unique patterns
--------------------------
Genome 3/90: NC_011751
PAI 1/1: 1454 unique patterns
CPAI 1/7: 657 unique patterns
CPAI 2/7: 1754 unique patterns
CPAI 3/7: 1738 unique patterns
CPAI 4/7: 1745 unique patterns
CPAI 5/7: 1753 unique patterns
CPAI 6/7: 1748 unique patterns
CPAI 7/7: 1399 unique patterns
NPAI 1/2: 1748 unique patterns
NPAI 2/2: 1737 unique patterns
--------------------------
Genome 4/90: NC_012759
No PAI sequences
CPAI 1/5: 1500 unique patterns
CPAI 2/5: 1751 unique patterns
CPAI 3/5: 1602 unique patterns
CPAI 4/5: 1749 unique patterns
CPAI 5/5: 1720 unique patterns
NPAI 1/2: 1747 unique patterns
NPAI 2/2: 1747 unique patterns
--------------------------
Genome 5/90: NC_017635
No PAI sequences
CPAI 1/4: 862 unique patterns
CPAI 2/4: 1749 unique patterns
CPAI 3/4: 1610 unique patterns
CPAI 4/4: 1741 unique patterns
NPAI 1/2: 1742 unique patterns
NPAI 2/2: 1739 unique patterns
--------------------------
Genome 6/90: NC_013365
No PAI sequences
CPAI 1/1: 1801 unique patterns
No NPAI sequences
--------------------------
Genome 7/90: NC_017641
No PAI sequences
CPAI 1/6: 666 unique patterns
CPAI 2/6: 1728 unique patterns
CPAI 3/6: 1761 unique patterns
CPAI 4/6: 1746 unique patterns
CPAI 5/6: 1733 unique patterns
CPAI 6/6: 1685 unique patterns
NPAI 1/1: 1721 unique patterns
--------------------------
Genome 8/90: NC_018662
No PAI sequences
No CPAI sequences
NPAI 1/1: 1808 unique patterns
--------------------------
Genome 9/90: NC_010488
No PAI sequences
CPAI 1/1: 719 unique patterns
No NPAI sequences
--------------------------
Genome 10/90: NC_017630
No PAI sequences
No CPAI sequences
NPAI 1/1: 1809 unique patterns
--------------------------
Genome 11/90: NC_007946
No PAI sequences
CPAI 1/10: 666 unique patterns
CPAI 2/10: 1743 unique patterns
CPAI 3/10: 1752 unique patterns
CPAI 4/10: 1742 unique patterns
CPAI 5/10: 1749 unique patterns
CPAI 6/10: 1730 unique patterns
CPAI 7/10: 1747 unique patterns
CPAI 8/10: 1750 unique patterns
CPAI 9/10: 1754 unique patterns
CPAI 10/10: 1748 unique patterns
NPAI 1/2: 1746 unique patterns
NPAI 2/2: 1748 unique patterns
--------------------------
Genome 12/90: NC_009786
No PAI sequences
No CPAI sequences
No NPAI sequences
--------------------------
Genome 13/90: NC_017660
No PAI sequences
CPAI 1/4: 1067 unique patterns
CPAI 2/4: 1748 unique patterns
CPAI 3/4: 1635 unique patterns
CPAI 4/4: 1744 unique patterns
NPAI 1/2: 1738 unique patterns
NPAI 2/2: 1743 unique patterns
--------------------------
Genome 14/90: NC_017651
No PAI sequences
CPAI 1/12: 665 unique patterns
CPAI 2/12: 1746 unique patterns
CPAI 3/12: 1714 unique patterns
CPAI 4/12: 1747 unique patterns
CPAI 5/12: 1747 unique patterns
CPAI 6/12: 1738 unique patterns
CPAI 7/12: 1742 unique patterns
CPAI 8/12: 1665 unique patterns
CPAI 9/12: 1750 unique patterns
CPAI 10/12: 1734 unique patterns
CPAI 11/12: 1758 unique patterns
CPAI 12/12: 1597 unique patterns
NPAI 1/2: 1749 unique patterns
NPAI 2/2: 1746 unique patterns
--------------------------
Genome 15/90: NC_002695
PAI 1/2: 1743 unique patterns
PAI 2/2: 1747 unique patterns
CPAI 1/6: 682 unique patterns
CPAI 2/6: 1351 unique patterns
CPAI 3/6: 1749 unique patterns
CPAI 4/6: 1743 unique patterns
CPAI 5/6: 1489 unique patterns
CPAI 6/6: 1747 unique patterns
NPAI 1/2: 1696 unique patterns
NPAI 2/2: 1740 unique patterns
--------------------------
Genome 16/90: NC_013353
PAI 1/1: 972 unique patterns
CPAI 1/8: 1745 unique patterns
CPAI 2/8: 1741 unique patterns
CPAI 3/8: 1710 unique patterns
CPAI 4/8: 1751 unique patterns
CPAI 5/8: 26 unique patterns
CPAI 6/8: 1441 unique patterns
CPAI 7/8: 1711 unique patterns
CPAI 8/8: 1753 unique patterns
NPAI 1/1: 1740 unique patterns
--------------------------
Genome 17/90: NC_007414
No PAI sequences
No CPAI sequences
NPAI 1/1: 1804 unique patterns
--------------------------
Genome 18/90: NC_017656
No PAI sequences
CPAI 1/5: 665 unique patterns
CPAI 2/5: 1411 unique patterns
CPAI 3/5: 1750 unique patterns
CPAI 4/5: 1629 unique patterns
CPAI 5/5: 1749 unique patterns
NPAI 1/2: 1751 unique patterns
NPAI 2/2: 1741 unique patterns
--------------------------
Genome 19/90: NC_017664
No PAI sequences
CPAI 1/4: 862 unique patterns
CPAI 2/4: 1753 unique patterns
CPAI 3/4: 1610 unique patterns
CPAI 4/4: 1741 unique patterns
NPAI 1/2: 1740 unique patterns
NPAI 2/2: 1739 unique patterns
--------------------------
Genome 20/90: NC_017659
No PAI sequences
CPAI 1/2: 1774 unique patterns
CPAI 2/2: 1773 unique patterns
NPAI 1/1: 1701 unique patterns
--------------------------
Genome 21/90: NC_000913
No PAI sequences
CPAI 1/4: 1527 unique patterns
CPAI 2/4: 1324 unique patterns
CPAI 3/4: 1720 unique patterns
CPAI 4/4: 1752 unique patterns
NPAI 1/3: 1602 unique patterns
NPAI 2/3: 1746 unique patterns
NPAI 3/3: 1748 unique patterns
--------------------------
Genome 22/90: NC_007941
No PAI sequences
No CPAI sequences
NPAI 1/1: 1806 unique patterns
--------------------------
Genome 23/90: NC_012892
No PAI sequences
CPAI 1/6: 1741 unique patterns
CPAI 2/6: 1763 unique patterns
CPAI 3/6: 1750 unique patterns
CPAI 4/6: 1742 unique patterns
CPAI 5/6: 1757 unique patterns
CPAI 6/6: 1488 unique patterns
NPAI 1/1: 1688 unique patterns
--------------------------
Genome 24/90: NC_011601
No PAI sequences
CPAI 1/5: 1735 unique patterns
CPAI 2/5: 1548 unique patterns
CPAI 3/5: 1756 unique patterns
CPAI 4/5: 1469 unique patterns
CPAI 5/5: 1761 unique patterns
NPAI 1/2: 1748 unique patterns
NPAI 2/2: 1747 unique patterns
--------------------------
Genome 25/90: NC_011993
No PAI sequences
CPAI 1/6: 253 unique patterns
CPAI 2/6: 1749 unique patterns
CPAI 3/6: 1753 unique patterns
CPAI 4/6: 1753 unique patterns
CPAI 5/6: 1743 unique patterns
CPAI 6/6: 1746 unique patterns
NPAI 1/1: 1748 unique patterns
--------------------------
Genome 26/90: NC_011419
No PAI sequences
No CPAI sequences
NPAI 1/1: 1798 unique patterns
--------------------------
Genome 27/90: NC_013364
PAI 1/1: 1759 unique patterns
CPAI 1/9: 955 unique patterns
CPAI 2/9: 0 unique patterns
CPAI 3/9: 17 unique patterns
CPAI 4/9: 1625 unique patterns
CPAI 5/9: 572 unique patterns
CPAI 6/9: 1752 unique patterns
CPAI 7/9: 1757 unique patterns
CPAI 8/9: 1662 unique patterns
CPAI 9/9: 1404 unique patterns
No NPAI sequences
--------------------------
Genome 28/90: NC_007779
No PAI sequences
CPAI 1/4: 1521 unique patterns
CPAI 2/4: 1751 unique patterns
CPAI 3/4: 1720 unique patterns
CPAI 4/4: 1586 unique patterns
NPAI 1/3: 1600 unique patterns
NPAI 2/3: 1744 unique patterns
NPAI 3/3: 1750 unique patterns
--------------------------
Genome 29/90: NC_017645
No PAI sequences
CPAI 1/2: 1795 unique patterns
CPAI 2/2: 1802 unique patterns
No NPAI sequences
--------------------------
Genome 30/90: NC_013941
No PAI sequences
CPAI 1/5: 704 unique patterns
CPAI 2/5: 1757 unique patterns
CPAI 3/5: 1749 unique patterns
CPAI 4/5: 1710 unique patterns
CPAI 5/5: 1750 unique patterns
NPAI 1/2: 1751 unique patterns
NPAI 2/2: 1741 unique patterns
--------------------------
Genome 31/90: NC_009790
No PAI sequences
CPAI 1/2: 1616 unique patterns
CPAI 2/2: 968 unique patterns
No NPAI sequences
--------------------------
Genome 32/90: NC_012967
No PAI sequences
CPAI 1/7: 1741 unique patterns
CPAI 2/7: 1763 unique patterns
CPAI 3/7: 1683 unique patterns
CPAI 4/7: 1742 unique patterns
CPAI 5/7: 1756 unique patterns
CPAI 6/7: 1487 unique patterns
CPAI 7/7: 1753 unique patterns
NPAI 1/1: 1687 unique patterns
--------------------------
Genome 33/90: NC_017628
No PAI sequences
CPAI 1/8: 656 unique patterns
CPAI 2/8: 1745 unique patterns
CPAI 3/8: 1752 unique patterns
CPAI 4/8: 1749 unique patterns
CPAI 5/8: 1744 unique patterns
CPAI 6/8: 1736 unique patterns
CPAI 7/8: 1743 unique patterns
CPAI 8/8: 1746 unique patterns
NPAI 1/3: 1749 unique patterns
NPAI 2/3: 1749 unique patterns
NPAI 3/3: 1750 unique patterns
--------------------------
Genome 34/90: NC_009800
No PAI sequences
CPAI 1/4: 654 unique patterns
CPAI 2/4: 1768 unique patterns
CPAI 3/4: 1407 unique patterns
CPAI 4/4: 1736 unique patterns
NPAI 1/1: 1688 unique patterns
--------------------------
Genome 35/90: NC_004431
PAI 1/2: 14 unique patterns
PAI 2/2: 4 unique patterns
CPAI 1/12: 664 unique patterns
CPAI 2/12: 1716 unique patterns
CPAI 3/12: 1744 unique patterns
CPAI 4/12: 1753 unique patterns
CPAI 5/12: 10 unique patterns
CPAI 6/12: 1742 unique patterns
CPAI 7/12: 1678 unique patterns
CPAI 8/12: 1626 unique patterns
CPAI 9/12: 1753 unique patterns
CPAI 10/12: 1748 unique patterns
CPAI 11/12: 1633 unique patterns
CPAI 12/12: 6 unique patterns
NPAI 1/2: 1752 unique patterns
NPAI 2/2: 1744 unique patterns
--------------------------
Genome 36/90: NC_017625
No PAI sequences
CPAI 1/3: 996 unique patterns
CPAI 2/3: 1744 unique patterns
CPAI 3/3: 1750 unique patterns
NPAI 1/3: 1745 unique patterns
NPAI 2/3: 1744 unique patterns
NPAI 3/3: 1523 unique patterns
--------------------------
Genome 37/90: NC_013354
No PAI sequences
CPAI 1/1: 7 unique patterns
No NPAI sequences
--------------------------
Genome 38/90: NC_018658
No PAI sequences
CPAI 1/13: 1756 unique patterns
CPAI 2/13: 1722 unique patterns
CPAI 3/13: 140 unique patterns
CPAI 4/13: 1751 unique patterns
CPAI 5/13: 1761 unique patterns
CPAI 6/13: 1756 unique patterns
CPAI 7/13: 1528 unique patterns
CPAI 8/13: 1618 unique patterns
CPAI 9/13: 1688 unique patterns
CPAI 10/13: 651 unique patterns
CPAI 11/13: 1626 unique patterns
CPAI 12/13: 1671 unique patterns
CPAI 13/13: 853 unique patterns
NPAI 1/1: 1743 unique patterns
--------------------------
Genome 39/90: NC_013008
No PAI sequences
CPAI 1/6: 715 unique patterns
CPAI 2/6: 1139 unique patterns
CPAI 3/6: 1618 unique patterns
CPAI 4/6: 1745 unique patterns
CPAI 5/6: 1390 unique patterns
CPAI 6/6: 1749 unique patterns
NPAI 1/1: 1741 unique patterns
--------------------------
Genome 40/90: NC_013361
PAI 1/1: 1742 unique patterns
CPAI 1/6: 967 unique patterns
CPAI 2/6: 1689 unique patterns
CPAI 3/6: 1517 unique patterns
CPAI 4/6: 1710 unique patterns
CPAI 5/6: 1755 unique patterns
CPAI 6/6: 1015 unique patterns
NPAI 1/1: 1713 unique patterns
--------------------------
Genome 41/90: NC_009838
No PAI sequences
CPAI 1/1: 1797 unique patterns
No NPAI sequences
--------------------------
Genome 42/90: NC_018659
No PAI sequences
CPAI 1/1: 1815 unique patterns
No NPAI sequences
--------------------------
Genome 43/90: NC_008563
PAI 1/5: 1734 unique patterns
PAI 2/5: 1771 unique patterns
PAI 3/5: 1754 unique patterns
PAI 4/5: 1728 unique patterns
PAI 5/5: 1738 unique patterns
CPAI 1/7: 1670 unique patterns
CPAI 2/7: 1772 unique patterns
CPAI 3/7: 1755 unique patterns
CPAI 4/7: 1743 unique patterns
CPAI 5/7: 1757 unique patterns
CPAI 6/7: 1749 unique patterns
CPAI 7/7: 1749 unique patterns
NPAI 1/2: 1750 unique patterns
NPAI 2/2: 1748 unique patterns
--------------------------
Genome 44/90: NC_013655
No PAI sequences
No CPAI sequences
NPAI 1/1: 1806 unique patterns
--------------------------
Genome 45/90: NC_012971
No PAI sequences
CPAI 1/7: 1742 unique patterns
CPAI 2/7: 1764 unique patterns
CPAI 3/7: 1750 unique patterns
CPAI 4/7: 1742 unique patterns
CPAI 5/7: 1757 unique patterns
CPAI 6/7: 1488 unique patterns
CPAI 7/7: 1753 unique patterns
NPAI 1/1: 1688 unique patterns
--------------------------
Genome 46/90: NC_017907
No PAI sequences
No CPAI sequences
NPAI 1/1: 1804 unique patterns
--------------------------
Genome 47/90: NC_013369
No PAI sequences
No CPAI sequences
NPAI 1/1: 771 unique patterns
--------------------------
Genome 48/90: NC_013366
No PAI sequences
No CPAI sequences
NPAI 1/2: 1811 unique patterns
NPAI 2/2: 1646 unique patterns
--------------------------
Genome 49/90: NC_011749
No PAI sequences
CPAI 1/1: 1806 unique patterns
NPAI 1/1: 1807 unique patterns
--------------------------
Genome 50/90: NC_017642
No PAI sequences
CPAI 1/1: 1798 unique patterns
No NPAI sequences
--------------------------
Genome 51/90: NC_008253
No PAI sequences
CPAI 1/7: 657 unique patterns
CPAI 2/7: 4 unique patterns
CPAI 3/7: 1743 unique patterns
CPAI 4/7: 1344 unique patterns
CPAI 5/7: 1670 unique patterns
CPAI 6/7: 20 unique patterns
CPAI 7/7: 1738 unique patterns
NPAI 1/3: 1747 unique patterns
NPAI 2/3: 1627 unique patterns
NPAI 3/3: 1672 unique patterns
--------------------------
Genome 52/90: NC_018654
No PAI sequences
No CPAI sequences
NPAI 1/1: 1810 unique patterns
--------------------------
Genome 53/90: NC_018661
No PAI sequences
CPAI 1/13: 1743 unique patterns
CPAI 2/13: 1722 unique patterns
CPAI 3/13: 71 unique patterns
CPAI 4/13: 1751 unique patterns
CPAI 5/13: 1761 unique patterns
CPAI 6/13: 1749 unique patterns
CPAI 7/13: 1035 unique patterns
CPAI 8/13: 1618 unique patterns
CPAI 9/13: 1686 unique patterns
CPAI 10/13: 651 unique patterns
CPAI 11/13: 1630 unique patterns
CPAI 12/13: 1751 unique patterns
CPAI 13/13: 95 unique patterns
NPAI 1/1: 1742 unique patterns
--------------------------
Genome 54/90: NC_002128
No PAI sequences
No CPAI sequences
NPAI 1/1: 1804 unique patterns
--------------------------
Genome 55/90: NC_013010
No PAI sequences
No CPAI sequences
NPAI 1/1: 1801 unique patterns
--------------------------
Genome 56/90: NC_020163
No PAI sequences
CPAI 1/2: 1649 unique patterns
CPAI 2/2: 1726 unique patterns
NPAI 1/1: 1735 unique patterns
--------------------------
Genome 57/90: NC_010498
No PAI sequences
CPAI 1/8: 1232 unique patterns
CPAI 2/8: 1636 unique patterns
CPAI 3/8: 1622 unique patterns
CPAI 4/8: 1757 unique patterns
CPAI 5/8: 1750 unique patterns
CPAI 6/8: 1717 unique patterns
CPAI 7/8: 1272 unique patterns
CPAI 8/8: 1747 unique patterns
NPAI 1/2: 1747 unique patterns
NPAI 2/2: 1738 unique patterns
--------------------------
Genome 58/90: NC_017906
No PAI sequences
CPAI 1/6: 698 unique patterns
CPAI 2/6: 1314 unique patterns
CPAI 3/6: 1727 unique patterns
CPAI 4/6: 1743 unique patterns
CPAI 5/6: 1481 unique patterns
CPAI 6/6: 1422 unique patterns
NPAI 1/2: 1734 unique patterns
NPAI 2/2: 1741 unique patterns
--------------------------
Genome 59/90: NC_011742
No PAI sequences
CPAI 1/7: 1262 unique patterns
CPAI 2/7: 1750 unique patterns
CPAI 3/7: 1754 unique patterns
CPAI 4/7: 1702 unique patterns
CPAI 5/7: 1757 unique patterns
CPAI 6/7: 1752 unique patterns
CPAI 7/7: 1699 unique patterns
NPAI 1/2: 1749 unique patterns
NPAI 2/2: 1746 unique patterns
--------------------------
Genome 60/90: NC_017632
No PAI sequences
CPAI 1/10: 1738 unique patterns
CPAI 2/10: 1598 unique patterns
CPAI 3/10: 1747 unique patterns
CPAI 4/10: 1662 unique patterns
CPAI 5/10: 1757 unique patterns
CPAI 6/10: 1748 unique patterns
CPAI 7/10: 1750 unique patterns
CPAI 8/10: 1747 unique patterns
CPAI 9/10: 1761 unique patterns
CPAI 10/10: 1737 unique patterns
NPAI 1/2: 1739 unique patterns
NPAI 2/2: 1749 unique patterns
--------------------------
Genome 61/90: NC_017646
No PAI sequences
CPAI 1/8: 1755 unique patterns
CPAI 2/8: 1518 unique patterns
CPAI 3/8: 1278 unique patterns
CPAI 4/8: 1736 unique patterns
CPAI 5/8: 26 unique patterns
CPAI 6/8: 412 unique patterns
CPAI 7/8: 1691 unique patterns
CPAI 8/8: 1544 unique patterns
NPAI 1/2: 1305 unique patterns
NPAI 2/2: 1737 unique patterns
--------------------------
Genome 62/90: NC_017639
No PAI sequences
No CPAI sequences
No NPAI sequences
--------------------------
Genome 63/90: NC_009837
No PAI sequences
CPAI 1/2: 1791 unique patterns
CPAI 2/2: 1811 unique patterns
NPAI 1/1: 1793 unique patterns
--------------------------
Genome 64/90: NC_009801
No PAI sequences
CPAI 1/6: 662 unique patterns
CPAI 2/6: 1753 unique patterns
CPAI 3/6: 1059 unique patterns
CPAI 4/6: 1705 unique patterns
CPAI 5/6: 1264 unique patterns
CPAI 6/6: 0 unique patterns
NPAI 1/1: 1738 unique patterns
--------------------------
Genome 65/90: NC_017627
No PAI sequences
No CPAI sequences
NPAI 1/1: 1716 unique patterns
--------------------------
Genome 66/90: NC_012947
No PAI sequences
CPAI 1/5: 1756 unique patterns
CPAI 2/5: 1767 unique patterns
CPAI 3/5: 1742 unique patterns
CPAI 4/5: 1743 unique patterns
CPAI 5/5: 1753 unique patterns
NPAI 1/2: 0 unique patterns
NPAI 2/2: 1684 unique patterns
--------------------------
Genome 67/90: NC_011747
No PAI sequences
CPAI 1/3: 1803 unique patterns
CPAI 2/3: 1759 unique patterns
CPAI 3/3: 1803 unique patterns
NPAI 1/1: 1813 unique patterns
--------------------------
Genome 68/90: NC_013654
No PAI sequences
CPAI 1/4: 1746 unique patterns
CPAI 2/4: 1413 unique patterns
CPAI 3/4: 1737 unique patterns
CPAI 4/4: 1394 unique patterns
NPAI 1/2: 1745 unique patterns
NPAI 2/2: 1743 unique patterns
--------------------------
Genome 69/90: NC_011745
No PAI sequences
CPAI 1/11: 659 unique patterns
CPAI 2/11: 1561 unique patterns
CPAI 3/11: 1739 unique patterns
CPAI 4/11: 1528 unique patterns
CPAI 5/11: 1410 unique patterns
CPAI 6/11: 1751 unique patterns
CPAI 7/11: 1364 unique patterns
CPAI 8/11: 1686 unique patterns
CPAI 9/11: 1143 unique patterns
CPAI 10/11: 1100 unique patterns
CPAI 11/11: 1644 unique patterns
NPAI 1/2: 1379 unique patterns
NPAI 2/2: 1747 unique patterns
--------------------------
Genome 70/90: NC_011739
No PAI sequences
No CPAI sequences
No NPAI sequences
--------------------------
Genome 71/90: NC_011353
No PAI sequences
CPAI 1/6: 672 unique patterns
CPAI 2/6: 1138 unique patterns
CPAI 3/6: 1620 unique patterns
CPAI 4/6: 1741 unique patterns
CPAI 5/6: 1115 unique patterns
CPAI 6/6: 1747 unique patterns
NPAI 1/1: 1738 unique patterns
--------------------------
Genome 72/90: NC_017657
No PAI sequences
CPAI 1/1: 1821 unique patterns
No NPAI sequences
--------------------------
Genome 73/90: NC_002655
PAI 1/5: 0 unique patterns
PAI 2/5: 0 unique patterns
PAI 3/5: 1731 unique patterns
PAI 4/5: 1507 unique patterns
PAI 5/5: 1748 unique patterns
CPAI 1/7: 707 unique patterns
CPAI 2/7: 0 unique patterns
CPAI 3/7: 0 unique patterns
CPAI 4/7: 1752 unique patterns
CPAI 5/7: 1742 unique patterns
CPAI 6/7: 1507 unique patterns
CPAI 7/7: 1747 unique patterns
NPAI 1/2: 1731 unique patterns
NPAI 2/2: 1743 unique patterns
--------------------------
Genome 74/90: NC_009788
No PAI sequences
No CPAI sequences
No NPAI sequences
--------------------------
Genome 75/90: NC_017638
No PAI sequences
CPAI 1/3: 1695 unique patterns
CPAI 2/3: 1694 unique patterns
CPAI 3/3: 1743 unique patterns
NPAI 1/3: 1596 unique patterns
NPAI 2/3: 1746 unique patterns
NPAI 3/3: 1746 unique patterns
--------------------------
Genome 76/90: NC_011750
No PAI sequences
CPAI 1/9: 1261 unique patterns
CPAI 2/9: 1753 unique patterns
CPAI 3/9: 1200 unique patterns
CPAI 4/9: 1717 unique patterns
CPAI 5/9: 1680 unique patterns
CPAI 6/9: 1666 unique patterns
CPAI 7/9: 1750 unique patterns
CPAI 8/9: 886 unique patterns
CPAI 9/9: 0 unique patterns
NPAI 1/2: 1638 unique patterns
NPAI 2/2: 1741 unique patterns
--------------------------
Genome 77/90: NC_011741
No PAI sequences
CPAI 1/2: 954 unique patterns
CPAI 2/2: 1751 unique patterns
NPAI 1/2: 1742 unique patterns
NPAI 2/2: 1742 unique patterns
--------------------------
Genome 78/90: NC_011415
No PAI sequences
CPAI 1/2: 958 unique patterns
CPAI 2/2: 1745 unique patterns
NPAI 1/2: 1743 unique patterns
NPAI 2/2: 1735 unique patterns
--------------------------
Genome 79/90: NC_017633
No PAI sequences
CPAI 1/7: 656 unique patterns
CPAI 2/7: 1699 unique patterns
CPAI 3/7: 1752 unique patterns
CPAI 4/7: 1409 unique patterns
CPAI 5/7: 1608 unique patterns
CPAI 6/7: 1701 unique patterns
CPAI 7/7: 1659 unique patterns
NPAI 1/2: 1690 unique patterns
NPAI 2/2: 1746 unique patterns
--------------------------
Genome 80/90: NC_017665
No PAI sequences
No CPAI sequences
NPAI 1/1: 1802 unique patterns
--------------------------
Genome 81/90: NC_010473
No PAI sequences
CPAI 1/4: 1518 unique patterns
CPAI 2/4: 1753 unique patterns
CPAI 3/4: 1720 unique patterns
CPAI 4/4: 1742 unique patterns
NPAI 1/2: 1602 unique patterns
NPAI 2/2: 1761 unique patterns
--------------------------
Genome 82/90: NC_017652
No PAI sequences
CPAI 1/12: 665 unique patterns
CPAI 2/12: 1746 unique patterns
CPAI 3/12: 1714 unique patterns
CPAI 4/12: 1747 unique patterns
CPAI 5/12: 1747 unique patterns
CPAI 6/12: 1738 unique patterns
CPAI 7/12: 1742 unique patterns
CPAI 8/12: 1670 unique patterns
CPAI 9/12: 1756 unique patterns
CPAI 10/12: 1734 unique patterns
CPAI 11/12: 1758 unique patterns
CPAI 12/12: 1597 unique patterns
NPAI 1/2: 1749 unique patterns
NPAI 2/2: 1746 unique patterns
--------------------------
Genome 83/90: NC_017637
No PAI sequences
No CPAI sequences
NPAI 1/1: 1802 unique patterns
--------------------------
Genome 84/90: NC_017626
No PAI sequences
CPAI 1/11: 1485 unique patterns
CPAI 2/11: 1754 unique patterns
CPAI 3/11: 1744 unique patterns
CPAI 4/11: 1745 unique patterns
CPAI 5/11: 1734 unique patterns
CPAI 6/11: 45 unique patterns
CPAI 7/11: 1747 unique patterns
CPAI 8/11: 1742 unique patterns
CPAI 9/11: 1763 unique patterns
CPAI 10/11: 1745 unique patterns
CPAI 11/11: 1483 unique patterns
NPAI 1/1: 1755 unique patterns
--------------------------
Genome 85/90: NC_022370
No PAI sequences
CPAI 1/8: 662 unique patterns
CPAI 2/8: 1744 unique patterns
CPAI 3/8: 1750 unique patterns
CPAI 4/8: 1738 unique patterns
CPAI 5/8: 1740 unique patterns
CPAI 6/8: 1624 unique patterns
CPAI 7/8: 1745 unique patterns
CPAI 8/8: 1750 unique patterns
NPAI 1/3: 1749 unique patterns
NPAI 2/3: 1749 unique patterns
NPAI 3/3: 1746 unique patterns
--------------------------
Genome 86/90: NC_022364
No PAI sequences
CPAI 1/2: 1029 unique patterns
CPAI 2/2: 1661 unique patterns
NPAI 1/4: 1741 unique patterns
NPAI 2/4: 1756 unique patterns
NPAI 3/4: 1742 unique patterns
NPAI 4/4: 1742 unique patterns
--------------------------
Genome 87/90: NC_018650
No PAI sequences
CPAI 1/12: 1753 unique patterns
CPAI 2/12: 1722 unique patterns
CPAI 3/12: 1751 unique patterns
CPAI 4/12: 1761 unique patterns
CPAI 5/12: 1751 unique patterns
CPAI 6/12: 1082 unique patterns
CPAI 7/12: 1649 unique patterns
CPAI 8/12: 1756 unique patterns
CPAI 9/12: 651 unique patterns
CPAI 10/12: 1676 unique patterns
CPAI 11/12: 1624 unique patterns
CPAI 12/12: 907 unique patterns
NPAI 1/1: 1743 unique patterns
--------------------------
Genome 88/90: NC_017634
No PAI sequences
CPAI 1/5: 657 unique patterns
CPAI 2/5: 1749 unique patterns
CPAI 3/5: 1753 unique patterns
CPAI 4/5: 1742 unique patterns
CPAI 5/5: 1746 unique patterns
NPAI 1/2: 1749 unique patterns
NPAI 2/2: 1749 unique patterns
--------------------------
Genome 89/90: NC_018666
No PAI sequences
No CPAI sequences
NPAI 1/1: 1808 unique patterns
--------------------------
Genome 90/90: NC_017631
No PAI sequences
CPAI 1/13: 667 unique patterns
CPAI 2/13: 1697 unique patterns
CPAI 3/13: 1742 unique patterns
CPAI 4/13: 1753 unique patterns
CPAI 5/13: 1649 unique patterns
CPAI 6/13: 786 unique patterns
CPAI 7/13: 1746 unique patterns
CPAI 8/13: 1653 unique patterns
CPAI 9/13: 1630 unique patterns
CPAI 10/13: 1735 unique patterns
CPAI 11/13: 1756 unique patterns
CPAI 12/13: 1746 unique patterns
CPAI 13/13: 1660 unique patterns
NPAI 1/2: 1749 unique patterns
NPAI 2/2: 1746 unique patterns
--------------------------
