Max pattern length: 50
--------------------------
Genome 1/90: NC_010468
No PAI sequences
CPAI 1/3: 0 unique patterns
CPAI 2/3: 0 unique patterns
CPAI 3/3: 0 unique patterns
NPAI 1/2: 0 unique patterns
NPAI 2/2: 0 unique patterns
--------------------------
Genome 2/90: NC_011748
No PAI sequences
CPAI 1/10: 0 unique patterns
CPAI 2/10: 0 unique patterns
CPAI 3/10: 1 unique patterns
CPAI 4/10: 0 unique patterns
CPAI 5/10: 0 unique patterns
CPAI 6/10: 0 unique patterns
CPAI 7/10: 0 unique patterns
CPAI 8/10: 0 unique patterns
CPAI 9/10: 24 unique patterns
CPAI 10/10: 0 unique patterns
NPAI 1/1: 0 unique patterns
--------------------------
Genome 3/90: NC_011751
PAI 1/1: 0 unique patterns
CPAI 1/7: 0 unique patterns
CPAI 2/7: 15 unique patterns
CPAI 3/7: 0 unique patterns
CPAI 4/7: 0 unique patterns
CPAI 5/7: 0 unique patterns
CPAI 6/7: 0 unique patterns
CPAI 7/7: 0 unique patterns
NPAI 1/2: 0 unique patterns
NPAI 2/2: 0 unique patterns
--------------------------
Genome 4/90: NC_012759
No PAI sequences
CPAI 1/5: 0 unique patterns
CPAI 2/5: 0 unique patterns
CPAI 3/5: 0 unique patterns
CPAI 4/5: 0 unique patterns
CPAI 5/5: 0 unique patterns
NPAI 1/2: 0 unique patterns
NPAI 2/2: 2 unique patterns
--------------------------
Genome 5/90: NC_017635
No PAI sequences
CPAI 1/4: 0 unique patterns
CPAI 2/4: 0 unique patterns
CPAI 3/4: 23 unique patterns
CPAI 4/4: 0 unique patterns
NPAI 1/2: 0 unique patterns
NPAI 2/2: 0 unique patterns
--------------------------
Genome 6/90: NC_013365
No PAI sequences
CPAI 1/1: 0 unique patterns
No NPAI sequences
--------------------------
Genome 7/90: NC_017641
No PAI sequences
CPAI 1/6: 0 unique patterns
CPAI 2/6: 0 unique patterns
CPAI 3/6: 73 unique patterns
CPAI 4/6: 0 unique patterns
CPAI 5/6: 0 unique patterns
CPAI 6/6: 0 unique patterns
NPAI 1/1: 0 unique patterns
--------------------------
Genome 8/90: NC_018662
No PAI sequences
No CPAI sequences
NPAI 1/1: 9 unique patterns
--------------------------
Genome 9/90: NC_010488
No PAI sequences
CPAI 1/1: 0 unique patterns
No NPAI sequences
--------------------------
Genome 10/90: NC_017630
No PAI sequences
No CPAI sequences
NPAI 1/1: 0 unique patterns
--------------------------
Genome 11/90: NC_007946
No PAI sequences
CPAI 1/10: 0 unique patterns
CPAI 2/10: 13 unique patterns
CPAI 3/10: 0 unique patterns
CPAI 4/10: 0 unique patterns
CPAI 5/10: 0 unique patterns
CPAI 6/10: 0 unique patterns
CPAI 7/10: 0 unique patterns
CPAI 8/10: 0 unique patterns
CPAI 9/10: 0 unique patterns
CPAI 10/10: 0 unique patterns
NPAI 1/2: 0 unique patterns
NPAI 2/2: 0 unique patterns
--------------------------
Genome 12/90: NC_009786
No PAI sequences
No CPAI sequences
No NPAI sequences
--------------------------
Genome 13/90: NC_017660
No PAI sequences
CPAI 1/4: 0 unique patterns
CPAI 2/4: 20 unique patterns
CPAI 3/4: 2 unique patterns
CPAI 4/4: 0 unique patterns
NPAI 1/2: 0 unique patterns
NPAI 2/2: 0 unique patterns
--------------------------
Genome 14/90: NC_017651
No PAI sequences
CPAI 1/12: 0 unique patterns
CPAI 2/12: 0 unique patterns
CPAI 3/12: 0 unique patterns
CPAI 4/12: 13 unique patterns
CPAI 5/12: 25 unique patterns
CPAI 6/12: 0 unique patterns
CPAI 7/12: 0 unique patterns
CPAI 8/12: 0 unique patterns
CPAI 9/12: 37 unique patterns
CPAI 10/12: 0 unique patterns
CPAI 11/12: 0 unique patterns
CPAI 12/12: 0 unique patterns
NPAI 1/2: 0 unique patterns
NPAI 2/2: 0 unique patterns
--------------------------
Genome 15/90: NC_002695
PAI 1/2: 0 unique patterns
PAI 2/2: 0 unique patterns
CPAI 1/6: 0 unique patterns
CPAI 2/6: 0 unique patterns
CPAI 3/6: 0 unique patterns
CPAI 4/6: 0 unique patterns
CPAI 5/6: 0 unique patterns
CPAI 6/6: 0 unique patterns
NPAI 1/2: 0 unique patterns
NPAI 2/2: 0 unique patterns
--------------------------
Genome 16/90: NC_013353
PAI 1/1: 0 unique patterns
CPAI 1/8: 5 unique patterns
CPAI 2/8: 0 unique patterns
CPAI 3/8: 3 unique patterns
CPAI 4/8: 2 unique patterns
CPAI 5/8: 0 unique patterns
CPAI 6/8: 0 unique patterns
CPAI 7/8: 0 unique patterns
CPAI 8/8: 0 unique patterns
NPAI 1/1: 0 unique patterns
--------------------------
Genome 17/90: NC_007414
No PAI sequences
No CPAI sequences
NPAI 1/1: 20 unique patterns
--------------------------
Genome 18/90: NC_017656
No PAI sequences
CPAI 1/5: 0 unique patterns
CPAI 2/5: 39 unique patterns
CPAI 3/5: 0 unique patterns
CPAI 4/5: 0 unique patterns
CPAI 5/5: 0 unique patterns
NPAI 1/2: 0 unique patterns
NPAI 2/2: 0 unique patterns
--------------------------
Genome 19/90: NC_017664
No PAI sequences
CPAI 1/4: 0 unique patterns
CPAI 2/4: 1 unique patterns
CPAI 3/4: 23 unique patterns
CPAI 4/4: 0 unique patterns
NPAI 1/2: 0 unique patterns
NPAI 2/2: 0 unique patterns
--------------------------
Genome 20/90: NC_017659
No PAI sequences
CPAI 1/2: 0 unique patterns
CPAI 2/2: 0 unique patterns
NPAI 1/1: 0 unique patterns
--------------------------
Genome 21/90: NC_000913
No PAI sequences
CPAI 1/4: 0 unique patterns
CPAI 2/4: 0 unique patterns
CPAI 3/4: 0 unique patterns
CPAI 4/4: 0 unique patterns
NPAI 1/3: 0 unique patterns
NPAI 2/3: 0 unique patterns
NPAI 3/3: 0 unique patterns
--------------------------
Genome 22/90: NC_007941
No PAI sequences
No CPAI sequences
NPAI 1/1: 2 unique patterns
--------------------------
Genome 23/90: NC_012892
No PAI sequences
CPAI 1/6: 7 unique patterns
CPAI 2/6: 0 unique patterns
CPAI 3/6: 0 unique patterns
CPAI 4/6: 0 unique patterns
CPAI 5/6: 0 unique patterns
CPAI 6/6: 0 unique patterns
NPAI 1/1: 0 unique patterns
--------------------------
Genome 24/90: NC_011601
No PAI sequences
CPAI 1/5: 0 unique patterns
CPAI 2/5: 0 unique patterns
CPAI 3/5: 19 unique patterns
CPAI 4/5: 0 unique patterns
CPAI 5/5: 0 unique patterns
NPAI 1/2: 0 unique patterns
NPAI 2/2: 0 unique patterns
--------------------------
Genome 25/90: NC_011993
No PAI sequences
CPAI 1/6: 0 unique patterns
CPAI 2/6: 13 unique patterns
CPAI 3/6: 13 unique patterns
CPAI 4/6: 0 unique patterns
CPAI 5/6: 0 unique patterns
CPAI 6/6: 0 unique patterns
NPAI 1/1: 0 unique patterns
--------------------------
Genome 26/90: NC_011419
No PAI sequences
No CPAI sequences
NPAI 1/1: 52 unique patterns
--------------------------
Genome 27/90: NC_013364
PAI 1/1: 0 unique patterns
CPAI 1/9: 0 unique patterns
CPAI 2/9: 0 unique patterns
CPAI 3/9: 0 unique patterns
CPAI 4/9: 0 unique patterns
CPAI 5/9: 0 unique patterns
CPAI 6/9: 2 unique patterns
CPAI 7/9: 0 unique patterns
CPAI 8/9: 0 unique patterns
CPAI 9/9: 0 unique patterns
No NPAI sequences
--------------------------
Genome 28/90: NC_007779
No PAI sequences
CPAI 1/4: 0 unique patterns
CPAI 2/4: 0 unique patterns
CPAI 3/4: 0 unique patterns
CPAI 4/4: 0 unique patterns
NPAI 1/3: 0 unique patterns
NPAI 2/3: 0 unique patterns
NPAI 3/3: 0 unique patterns
--------------------------
Genome 29/90: NC_017645
No PAI sequences
CPAI 1/2: 0 unique patterns
CPAI 2/2: 0 unique patterns
No NPAI sequences
--------------------------
Genome 30/90: NC_013941
No PAI sequences
CPAI 1/5: 0 unique patterns
CPAI 2/5: 0 unique patterns
CPAI 3/5: 0 unique patterns
CPAI 4/5: 0 unique patterns
CPAI 5/5: 0 unique patterns
NPAI 1/2: 0 unique patterns
NPAI 2/2: 0 unique patterns
--------------------------
Genome 31/90: NC_009790
No PAI sequences
CPAI 1/2: 0 unique patterns
CPAI 2/2: 1 unique patterns
No NPAI sequences
--------------------------
Genome 32/90: NC_012967
No PAI sequences
CPAI 1/7: 0 unique patterns
CPAI 2/7: 0 unique patterns
CPAI 3/7: 0 unique patterns
CPAI 4/7: 0 unique patterns
CPAI 5/7: 0 unique patterns
CPAI 6/7: 0 unique patterns
CPAI 7/7: 0 unique patterns
NPAI 1/1: 0 unique patterns
--------------------------
Genome 33/90: NC_017628
No PAI sequences
CPAI 1/8: 0 unique patterns
CPAI 2/8: 13 unique patterns
CPAI 3/8: 0 unique patterns
CPAI 4/8: 8 unique patterns
CPAI 5/8: 0 unique patterns
CPAI 6/8: 1 unique patterns
CPAI 7/8: 0 unique patterns
CPAI 8/8: 0 unique patterns
NPAI 1/3: 0 unique patterns
NPAI 2/3: 0 unique patterns
NPAI 3/3: 0 unique patterns
--------------------------
Genome 34/90: NC_009800
No PAI sequences
CPAI 1/4: 0 unique patterns
CPAI 2/4: 0 unique patterns
CPAI 3/4: 0 unique patterns
CPAI 4/4: 0 unique patterns
NPAI 1/1: 0 unique patterns
--------------------------
Genome 35/90: NC_004431
PAI 1/2: 0 unique patterns
PAI 2/2: 0 unique patterns
CPAI 1/12: 0 unique patterns
CPAI 2/12: 0 unique patterns
CPAI 3/12: 13 unique patterns
CPAI 4/12: 15 unique patterns
CPAI 5/12: 0 unique patterns
CPAI 6/12: 0 unique patterns
CPAI 7/12: 0 unique patterns
CPAI 8/12: 0 unique patterns
CPAI 9/12: 0 unique patterns
CPAI 10/12: 0 unique patterns
CPAI 11/12: 0 unique patterns
CPAI 12/12: 0 unique patterns
NPAI 1/2: 0 unique patterns
NPAI 2/2: 0 unique patterns
--------------------------
Genome 36/90: NC_017625
No PAI sequences
CPAI 1/3: 0 unique patterns
CPAI 2/3: 0 unique patterns
CPAI 3/3: 11 unique patterns
NPAI 1/3: 0 unique patterns
NPAI 2/3: 0 unique patterns
NPAI 3/3: 0 unique patterns
--------------------------
Genome 37/90: NC_013354
No PAI sequences
CPAI 1/1: 0 unique patterns
No NPAI sequences
--------------------------
Genome 38/90: NC_018658
No PAI sequences
CPAI 1/13: 0 unique patterns
CPAI 2/13: 0 unique patterns
CPAI 3/13: 0 unique patterns
CPAI 4/13: 0 unique patterns
CPAI 5/13: 0 unique patterns
CPAI 6/13: 0 unique patterns
CPAI 7/13: 0 unique patterns
CPAI 8/13: 36 unique patterns
CPAI 9/13: 0 unique patterns
CPAI 10/13: 0 unique patterns
CPAI 11/13: 0 unique patterns
CPAI 12/13: 0 unique patterns
CPAI 13/13: 0 unique patterns
NPAI 1/1: 0 unique patterns
--------------------------
Genome 39/90: NC_013008
No PAI sequences
CPAI 1/6: 0 unique patterns
CPAI 2/6: 0 unique patterns
CPAI 3/6: 92 unique patterns
CPAI 4/6: 0 unique patterns
CPAI 5/6: 0 unique patterns
CPAI 6/6: 0 unique patterns
NPAI 1/1: 0 unique patterns
--------------------------
Genome 40/90: NC_013361
PAI 1/1: 0 unique patterns
CPAI 1/6: 0 unique patterns
CPAI 2/6: 0 unique patterns
CPAI 3/6: 0 unique patterns
CPAI 4/6: 18 unique patterns
CPAI 5/6: 0 unique patterns
CPAI 6/6: 0 unique patterns
NPAI 1/1: 0 unique patterns
--------------------------
Genome 41/90: NC_009838
No PAI sequences
CPAI 1/1: 0 unique patterns
No NPAI sequences
--------------------------
Genome 42/90: NC_018659
No PAI sequences
CPAI 1/1: 0 unique patterns
No NPAI sequences
--------------------------
Genome 43/90: NC_008563
PAI 1/5: 0 unique patterns
PAI 2/5: 0 unique patterns
PAI 3/5: 68 unique patterns
PAI 4/5: 0 unique patterns
PAI 5/5: 0 unique patterns
CPAI 1/7: 0 unique patterns
CPAI 2/7: 0 unique patterns
CPAI 3/7: 0 unique patterns
CPAI 4/7: 0 unique patterns
CPAI 5/7: 0 unique patterns
CPAI 6/7: 0 unique patterns
CPAI 7/7: 0 unique patterns
NPAI 1/2: 0 unique patterns
NPAI 2/2: 0 unique patterns
--------------------------
Genome 44/90: NC_013655
No PAI sequences
No CPAI sequences
NPAI 1/1: 0 unique patterns
--------------------------
Genome 45/90: NC_012971
No PAI sequences
CPAI 1/7: 0 unique patterns
CPAI 2/7: 0 unique patterns
CPAI 3/7: 0 unique patterns
CPAI 4/7: 0 unique patterns
CPAI 5/7: 0 unique patterns
CPAI 6/7: 0 unique patterns
CPAI 7/7: 0 unique patterns
NPAI 1/1: 0 unique patterns
--------------------------
Genome 46/90: NC_017907
No PAI sequences
No CPAI sequences
NPAI 1/1: 20 unique patterns
--------------------------
Genome 47/90: NC_013369
No PAI sequences
No CPAI sequences
NPAI 1/1: 0 unique patterns
--------------------------
Genome 48/90: NC_013366
No PAI sequences
No CPAI sequences
NPAI 1/2: 0 unique patterns
NPAI 2/2: 1 unique patterns
--------------------------
Genome 49/90: NC_011749
No PAI sequences
CPAI 1/1: 15 unique patterns
NPAI 1/1: 0 unique patterns
--------------------------
Genome 50/90: NC_017642
No PAI sequences
CPAI 1/1: 0 unique patterns
No NPAI sequences
--------------------------
Genome 51/90: NC_008253
No PAI sequences
CPAI 1/7: 0 unique patterns
CPAI 2/7: 0 unique patterns
CPAI 3/7: 0 unique patterns
CPAI 4/7: 9 unique patterns
CPAI 5/7: 0 unique patterns
CPAI 6/7: 0 unique patterns
CPAI 7/7: 0 unique patterns
NPAI 1/3: 0 unique patterns
NPAI 2/3: 0 unique patterns
NPAI 3/3: 0 unique patterns
--------------------------
Genome 52/90: NC_018654
No PAI sequences
No CPAI sequences
NPAI 1/1: 0 unique patterns
--------------------------
Genome 53/90: NC_018661
No PAI sequences
CPAI 1/13: 0 unique patterns
CPAI 2/13: 0 unique patterns
CPAI 3/13: 0 unique patterns
CPAI 4/13: 0 unique patterns
CPAI 5/13: 0 unique patterns
CPAI 6/13: 0 unique patterns
CPAI 7/13: 0 unique patterns
CPAI 8/13: 36 unique patterns
CPAI 9/13: 0 unique patterns
CPAI 10/13: 0 unique patterns
CPAI 11/13: 0 unique patterns
CPAI 12/13: 0 unique patterns
CPAI 13/13: 0 unique patterns
NPAI 1/1: 0 unique patterns
--------------------------
Genome 54/90: NC_002128
No PAI sequences
No CPAI sequences
NPAI 1/1: 20 unique patterns
--------------------------
Genome 55/90: NC_013010
No PAI sequences
No CPAI sequences
NPAI 1/1: 0 unique patterns
--------------------------
Genome 56/90: NC_020163
No PAI sequences
CPAI 1/2: 0 unique patterns
CPAI 2/2: 0 unique patterns
NPAI 1/1: 0 unique patterns
--------------------------
Genome 57/90: NC_010498
No PAI sequences
CPAI 1/8: 0 unique patterns
CPAI 2/8: 4 unique patterns
CPAI 3/8: 0 unique patterns
CPAI 4/8: 0 unique patterns
CPAI 5/8: 0 unique patterns
CPAI 6/8: 0 unique patterns
CPAI 7/8: 0 unique patterns
CPAI 8/8: 0 unique patterns
NPAI 1/2: 0 unique patterns
NPAI 2/2: 0 unique patterns
--------------------------
Genome 58/90: NC_017906
No PAI sequences
CPAI 1/6: 0 unique patterns
CPAI 2/6: 0 unique patterns
CPAI 3/6: 0 unique patterns
CPAI 4/6: 0 unique patterns
CPAI 5/6: 0 unique patterns
CPAI 6/6: 0 unique patterns
NPAI 1/2: 0 unique patterns
NPAI 2/2: 0 unique patterns
--------------------------
Genome 59/90: NC_011742
No PAI sequences
CPAI 1/7: 0 unique patterns
CPAI 2/7: 13 unique patterns
CPAI 3/7: 0 unique patterns
CPAI 4/7: 0 unique patterns
CPAI 5/7: 0 unique patterns
CPAI 6/7: 0 unique patterns
CPAI 7/7: 0 unique patterns
NPAI 1/2: 0 unique patterns
NPAI 2/2: 0 unique patterns
--------------------------
Genome 60/90: NC_017632
No PAI sequences
CPAI 1/10: 0 unique patterns
CPAI 2/10: 0 unique patterns
CPAI 3/10: 0 unique patterns
CPAI 4/10: 0 unique patterns
CPAI 5/10: 0 unique patterns
CPAI 6/10: 0 unique patterns
CPAI 7/10: 0 unique patterns
CPAI 8/10: 0 unique patterns
CPAI 9/10: 0 unique patterns
CPAI 10/10: 0 unique patterns
NPAI 1/2: 0 unique patterns
NPAI 2/2: 0 unique patterns
--------------------------
Genome 61/90: NC_017646
No PAI sequences
CPAI 1/8: 0 unique patterns
CPAI 2/8: 0 unique patterns
CPAI 3/8: 0 unique patterns
CPAI 4/8: 4 unique patterns
CPAI 5/8: 0 unique patterns
CPAI 6/8: 0 unique patterns
CPAI 7/8: 0 unique patterns
CPAI 8/8: 0 unique patterns
NPAI 1/2: 0 unique patterns
NPAI 2/2: 0 unique patterns
--------------------------
Genome 62/90: NC_017639
No PAI sequences
No CPAI sequences
No NPAI sequences
--------------------------
Genome 63/90: NC_009837
No PAI sequences
CPAI 1/2: 1 unique patterns
CPAI 2/2: 3 unique patterns
NPAI 1/1: 13 unique patterns
--------------------------
Genome 64/90: NC_009801
No PAI sequences
CPAI 1/6: 0 unique patterns
CPAI 2/6: 0 unique patterns
CPAI 3/6: 0 unique patterns
CPAI 4/6: 0 unique patterns
CPAI 5/6: 0 unique patterns
CPAI 6/6: 0 unique patterns
NPAI 1/1: 0 unique patterns
--------------------------
Genome 65/90: NC_017627
No PAI sequences
No CPAI sequences
NPAI 1/1: 0 unique patterns
--------------------------
Genome 66/90: NC_012947
No PAI sequences
CPAI 1/5: 0 unique patterns
CPAI 2/5: 0 unique patterns
CPAI 3/5: 0 unique patterns
CPAI 4/5: 36 unique patterns
CPAI 5/5: 0 unique patterns
NPAI 1/2: 0 unique patterns
NPAI 2/2: 0 unique patterns
--------------------------
Genome 67/90: NC_011747
No PAI sequences
CPAI 1/3: 12 unique patterns
CPAI 2/3: 0 unique patterns
CPAI 3/3: 2 unique patterns
NPAI 1/1: 0 unique patterns
--------------------------
Genome 68/90: NC_013654
No PAI sequences
CPAI 1/4: 0 unique patterns
CPAI 2/4: 0 unique patterns
CPAI 3/4: 0 unique patterns
CPAI 4/4: 1 unique patterns
NPAI 1/2: 0 unique patterns
NPAI 2/2: 0 unique patterns
--------------------------
Genome 69/90: NC_011745
No PAI sequences
CPAI 1/11: 0 unique patterns
CPAI 2/11: 14 unique patterns
CPAI 3/11: 0 unique patterns
CPAI 4/11: 0 unique patterns
CPAI 5/11: 0 unique patterns
CPAI 6/11: 0 unique patterns
CPAI 7/11: 0 unique patterns
CPAI 8/11: 0 unique patterns
CPAI 9/11: 0 unique patterns
CPAI 10/11: 0 unique patterns
CPAI 11/11: 0 unique patterns
NPAI 1/2: 46 unique patterns
NPAI 2/2: 0 unique patterns
--------------------------
Genome 70/90: NC_011739
No PAI sequences
No CPAI sequences
No NPAI sequences
--------------------------
Genome 71/90: NC_011353
No PAI sequences
CPAI 1/6: 0 unique patterns
CPAI 2/6: 0 unique patterns
CPAI 3/6: 63 unique patterns
CPAI 4/6: 0 unique patterns
CPAI 5/6: 0 unique patterns
CPAI 6/6: 0 unique patterns
NPAI 1/1: 0 unique patterns
--------------------------
Genome 72/90: NC_017657
No PAI sequences
CPAI 1/1: 0 unique patterns
No NPAI sequences
--------------------------
Genome 73/90: NC_002655
PAI 1/5: 0 unique patterns
PAI 2/5: 0 unique patterns
PAI 3/5: 0 unique patterns
PAI 4/5: 0 unique patterns
PAI 5/5: 0 unique patterns
CPAI 1/7: 0 unique patterns
CPAI 2/7: 0 unique patterns
CPAI 3/7: 0 unique patterns
CPAI 4/7: 0 unique patterns
CPAI 5/7: 0 unique patterns
CPAI 6/7: 0 unique patterns
CPAI 7/7: 0 unique patterns
NPAI 1/2: 0 unique patterns
NPAI 2/2: 0 unique patterns
--------------------------
Genome 74/90: NC_009788
No PAI sequences
No CPAI sequences
No NPAI sequences
--------------------------
Genome 75/90: NC_017638
No PAI sequences
CPAI 1/3: 54 unique patterns
CPAI 2/3: 0 unique patterns
CPAI 3/3: 0 unique patterns
NPAI 1/3: 0 unique patterns
NPAI 2/3: 0 unique patterns
NPAI 3/3: 0 unique patterns
--------------------------
Genome 76/90: NC_011750
No PAI sequences
CPAI 1/9: 0 unique patterns
CPAI 2/9: 0 unique patterns
CPAI 3/9: 0 unique patterns
CPAI 4/9: 0 unique patterns
CPAI 5/9: 0 unique patterns
CPAI 6/9: 0 unique patterns
CPAI 7/9: 35 unique patterns
CPAI 8/9: 0 unique patterns
CPAI 9/9: 0 unique patterns
NPAI 1/2: 0 unique patterns
NPAI 2/2: 0 unique patterns
--------------------------
Genome 77/90: NC_011741
No PAI sequences
CPAI 1/2: 0 unique patterns
CPAI 2/2: 0 unique patterns
NPAI 1/2: 0 unique patterns
NPAI 2/2: 0 unique patterns
--------------------------
Genome 78/90: NC_011415
No PAI sequences
CPAI 1/2: 0 unique patterns
CPAI 2/2: 14 unique patterns
NPAI 1/2: 0 unique patterns
NPAI 2/2: 0 unique patterns
--------------------------
Genome 79/90: NC_017633
No PAI sequences
CPAI 1/7: 0 unique patterns
CPAI 2/7: 0 unique patterns
CPAI 3/7: 0 unique patterns
CPAI 4/7: 0 unique patterns
CPAI 5/7: 0 unique patterns
CPAI 6/7: 0 unique patterns
CPAI 7/7: 0 unique patterns
NPAI 1/2: 0 unique patterns
NPAI 2/2: 0 unique patterns
--------------------------
Genome 80/90: NC_017665
No PAI sequences
No CPAI sequences
NPAI 1/1: 0 unique patterns
--------------------------
Genome 81/90: NC_010473
No PAI sequences
CPAI 1/4: 0 unique patterns
CPAI 2/4: 0 unique patterns
CPAI 3/4: 0 unique patterns
CPAI 4/4: 0 unique patterns
NPAI 1/2: 0 unique patterns
NPAI 2/2: 0 unique patterns
--------------------------
Genome 82/90: NC_017652
No PAI sequences
CPAI 1/12: 0 unique patterns
CPAI 2/12: 0 unique patterns
CPAI 3/12: 0 unique patterns
CPAI 4/12: 13 unique patterns
CPAI 5/12: 25 unique patterns
CPAI 6/12: 0 unique patterns
CPAI 7/12: 0 unique patterns
CPAI 8/12: 0 unique patterns
CPAI 9/12: 37 unique patterns
CPAI 10/12: 0 unique patterns
CPAI 11/12: 0 unique patterns
CPAI 12/12: 0 unique patterns
NPAI 1/2: 0 unique patterns
NPAI 2/2: 0 unique patterns
--------------------------
Genome 83/90: NC_017637
No PAI sequences
No CPAI sequences
NPAI 1/1: 0 unique patterns
--------------------------
Genome 84/90: NC_017626
No PAI sequences
CPAI 1/11: 0 unique patterns
CPAI 2/11: 0 unique patterns
CPAI 3/11: 0 unique patterns
CPAI 4/11: 0 unique patterns
CPAI 5/11: 0 unique patterns
CPAI 6/11: 0 unique patterns
CPAI 7/11: 0 unique patterns
CPAI 8/11: 19 unique patterns
CPAI 9/11: 0 unique patterns
CPAI 10/11: 0 unique patterns
CPAI 11/11: 0 unique patterns
NPAI 1/1: 0 unique patterns
--------------------------
Genome 85/90: NC_022370
No PAI sequences
CPAI 1/8: 0 unique patterns
CPAI 2/8: 13 unique patterns
CPAI 3/8: 0 unique patterns
CPAI 4/8: 0 unique patterns
CPAI 5/8: 0 unique patterns
CPAI 6/8: 0 unique patterns
CPAI 7/8: 0 unique patterns
CPAI 8/8: 0 unique patterns
NPAI 1/3: 0 unique patterns
NPAI 2/3: 0 unique patterns
NPAI 3/3: 0 unique patterns
--------------------------
Genome 86/90: NC_022364
No PAI sequences
CPAI 1/2: 0 unique patterns
CPAI 2/2: 0 unique patterns
NPAI 1/4: 0 unique patterns
NPAI 2/4: 1 unique patterns
NPAI 3/4: 0 unique patterns
NPAI 4/4: 0 unique patterns
--------------------------
Genome 87/90: NC_018650
No PAI sequences
CPAI 1/12: 0 unique patterns
CPAI 2/12: 0 unique patterns
CPAI 3/12: 0 unique patterns
CPAI 4/12: 0 unique patterns
CPAI 5/12: 0 unique patterns
CPAI 6/12: 0 unique patterns
CPAI 7/12: 36 unique patterns
CPAI 8/12: 0 unique patterns
CPAI 9/12: 0 unique patterns
CPAI 10/12: 0 unique patterns
CPAI 11/12: 0 unique patterns
CPAI 12/12: 0 unique patterns
NPAI 1/1: 0 unique patterns
--------------------------
Genome 88/90: NC_017634
No PAI sequences
CPAI 1/5: 0 unique patterns
CPAI 2/5: 13 unique patterns
CPAI 3/5: 15 unique patterns
CPAI 4/5: 0 unique patterns
CPAI 5/5: 0 unique patterns
NPAI 1/2: 0 unique patterns
NPAI 2/2: 0 unique patterns
--------------------------
Genome 89/90: NC_018666
No PAI sequences
No CPAI sequences
NPAI 1/1: 27 unique patterns
--------------------------
Genome 90/90: NC_017631
No PAI sequences
CPAI 1/13: 0 unique patterns
CPAI 2/13: 0 unique patterns
CPAI 3/13: 13 unique patterns
CPAI 4/13: 15 unique patterns
CPAI 5/13: 0 unique patterns
CPAI 6/13: 26 unique patterns
CPAI 7/13: 0 unique patterns
CPAI 8/13: 1 unique patterns
CPAI 9/13: 0 unique patterns
CPAI 10/13: 0 unique patterns
CPAI 11/13: 0 unique patterns
CPAI 12/13: 0 unique patterns
CPAI 13/13: 0 unique patterns
NPAI 1/2: 0 unique patterns
NPAI 2/2: 0 unique patterns
--------------------------
