Max pattern length: 100
--------------------------
Genome 1/90: NC_013365
No PAI sequences
CPAI 1/1: 1801 patterns found
No NPAI sequences
--------------------------
Genome 2/90: NC_020163
No PAI sequences
CPAI 1/2: 1649 patterns found
CPAI 2/2: 1726 patterns found
NPAI 1/1: 1736 patterns found
--------------------------
Genome 3/90: NC_017635
No PAI sequences
CPAI 1/4: 863 patterns found
CPAI 2/4: 1749 patterns found
CPAI 3/4: 1610 patterns found
CPAI 4/4: 1742 patterns found
NPAI 1/2: 1742 patterns found
NPAI 2/2: 1739 patterns found
--------------------------
Genome 4/90: NC_012971
No PAI sequences
CPAI 1/7: 1742 patterns found
CPAI 2/7: 1766 patterns found
CPAI 3/7: 1750 patterns found
CPAI 4/7: 1742 patterns found
CPAI 5/7: 1757 patterns found
CPAI 6/7: 1488 patterns found
CPAI 7/7: 1753 patterns found
NPAI 1/1: 1688 patterns found
--------------------------
Genome 5/90: NC_017625
No PAI sequences
CPAI 1/3: 996 patterns found
CPAI 2/3: 1744 patterns found
CPAI 3/3: 1751 patterns found
NPAI 1/3: 1745 patterns found
NPAI 2/3: 1744 patterns found
NPAI 3/3: 1523 patterns found
--------------------------
Genome 6/90: NC_017652
No PAI sequences
CPAI 1/12: 665 patterns found
CPAI 2/12: 1746 patterns found
CPAI 3/12: 1716 patterns found
CPAI 4/12: 1751 patterns found
CPAI 5/12: 1754 patterns found
CPAI 6/12: 1758 patterns found
CPAI 7/12: 1744 patterns found
CPAI 8/12: 1715 patterns found
CPAI 9/12: 1756 patterns found
CPAI 10/12: 1741 patterns found
CPAI 11/12: 1758 patterns found
CPAI 12/12: 1739 patterns found
NPAI 1/2: 1750 patterns found
NPAI 2/2: 1747 patterns found
--------------------------
Genome 7/90: NC_012892
No PAI sequences
CPAI 1/6: 1741 patterns found
CPAI 2/6: 1765 patterns found
CPAI 3/6: 1750 patterns found
CPAI 4/6: 1742 patterns found
CPAI 5/6: 1757 patterns found
CPAI 6/6: 1488 patterns found
NPAI 1/1: 1688 patterns found
--------------------------
Genome 8/90: NC_017906
No PAI sequences
CPAI 1/6: 698 patterns found
CPAI 2/6: 1318 patterns found
CPAI 3/6: 1741 patterns found
CPAI 4/6: 1744 patterns found
CPAI 5/6: 1574 patterns found
CPAI 6/6: 1422 patterns found
NPAI 1/2: 1760 patterns found
NPAI 2/2: 1741 patterns found
--------------------------
Genome 9/90: NC_011745
No PAI sequences
CPAI 1/11: 659 patterns found
CPAI 2/11: 1562 patterns found
CPAI 3/11: 1741 patterns found
CPAI 4/11: 1741 patterns found
CPAI 5/11: 1743 patterns found
CPAI 6/11: 1751 patterns found
CPAI 7/11: 1675 patterns found
CPAI 8/11: 1692 patterns found
CPAI 9/11: 1757 patterns found
CPAI 10/11: 1104 patterns found
CPAI 11/11: 1729 patterns found
NPAI 1/2: 1382 patterns found
NPAI 2/2: 1747 patterns found
--------------------------
Genome 10/90: NC_013353
PAI 1/1: 972 patterns found
CPAI 1/8: 1745 patterns found
CPAI 2/8: 1745 patterns found
CPAI 3/8: 1747 patterns found
CPAI 4/8: 1755 patterns found
CPAI 5/8: 2 patterns found
CPAI 6/8: 1753 patterns found
CPAI 7/8: 1745 patterns found
CPAI 8/8: 1755 patterns found
NPAI 1/1: 1740 patterns found
--------------------------
Genome 11/90: NC_018654
No PAI sequences
No CPAI sequences
NPAI 1/1: 1810 patterns found
--------------------------
Genome 12/90: NC_010498
No PAI sequences
CPAI 1/8: 1234 patterns found
CPAI 2/8: 1662 patterns found
CPAI 3/8: 1666 patterns found
CPAI 4/8: 1757 patterns found
CPAI 5/8: 1750 patterns found
CPAI 6/8: 1737 patterns found
CPAI 7/8: 1746 patterns found
CPAI 8/8: 1749 patterns found
NPAI 1/2: 1747 patterns found
NPAI 2/2: 1738 patterns found
--------------------------
Genome 13/90: NC_002695
PAI 1/2: 1743 patterns found
PAI 2/2: 1747 patterns found
CPAI 1/6: 682 patterns found
CPAI 2/6: 1355 patterns found
CPAI 3/6: 1750 patterns found
CPAI 4/6: 0 patterns found
CPAI 5/6: 1535 patterns found
CPAI 6/6: 1293 patterns found
NPAI 1/2: 1732 patterns found
NPAI 2/2: 1740 patterns found
--------------------------
Genome 14/90: NC_017645
No PAI sequences
CPAI 1/2: 1812 patterns found
CPAI 2/2: 1814 patterns found
No NPAI sequences
--------------------------
Genome 15/90: NC_008253
No PAI sequences
CPAI 1/7: 658 patterns found
CPAI 2/7: 1733 patterns found
CPAI 3/7: 1744 patterns found
CPAI 4/7: 1390 patterns found
CPAI 5/7: 1696 patterns found
CPAI 6/7: 314 patterns found
CPAI 7/7: 1741 patterns found
NPAI 1/3: 1749 patterns found
NPAI 2/3: 1744 patterns found
NPAI 3/3: 1744 patterns found
--------------------------
Genome 16/90: NC_017631
No PAI sequences
CPAI 1/13: 668 patterns found
CPAI 2/13: 1699 patterns found
CPAI 3/13: 1748 patterns found
CPAI 4/13: 1756 patterns found
CPAI 5/13: 1652 patterns found
CPAI 6/13: 1672 patterns found
CPAI 7/13: 1747 patterns found
CPAI 8/13: 1739 patterns found
CPAI 9/13: 1731 patterns found
CPAI 10/13: 1748 patterns found
CPAI 11/13: 1759 patterns found
CPAI 12/13: 1755 patterns found
CPAI 13/13: 1753 patterns found
NPAI 1/2: 1750 patterns found
NPAI 2/2: 1747 patterns found
--------------------------
Genome 17/90: NC_010488
No PAI sequences
CPAI 1/1: 719 patterns found
No NPAI sequences
--------------------------
Genome 18/90: NC_017639
No PAI sequences
No CPAI sequences
No NPAI sequences
--------------------------
Genome 19/90: NC_018650
No PAI sequences
CPAI 1/12: 1756 patterns found
CPAI 2/12: 1740 patterns found
CPAI 3/12: 1753 patterns found
CPAI 4/12: 1764 patterns found
CPAI 5/12: 1752 patterns found
CPAI 6/12: 1365 patterns found
CPAI 7/12: 1686 patterns found
CPAI 8/12: 1757 patterns found
CPAI 9/12: 652 patterns found
CPAI 10/12: 1704 patterns found
CPAI 11/12: 1751 patterns found
CPAI 12/12: 907 patterns found
NPAI 1/1: 1743 patterns found
--------------------------
Genome 20/90: NC_011993
No PAI sequences
CPAI 1/6: 253 patterns found
CPAI 2/6: 1750 patterns found
CPAI 3/6: 1754 patterns found
CPAI 4/6: 1753 patterns found
CPAI 5/6: 1743 patterns found
CPAI 6/6: 1746 patterns found
NPAI 1/1: 1750 patterns found
--------------------------
Genome 21/90: NC_022364
No PAI sequences
CPAI 1/2: 1029 patterns found
CPAI 2/2: 1661 patterns found
NPAI 1/4: 1741 patterns found
NPAI 2/4: 1756 patterns found
NPAI 3/4: 1742 patterns found
NPAI 4/4: 1743 patterns found
--------------------------
Genome 22/90: NC_013008
No PAI sequences
CPAI 1/6: 716 patterns found
CPAI 2/6: 1139 patterns found
CPAI 3/6: 1683 patterns found
CPAI 4/6: 1745 patterns found
CPAI 5/6: 1497 patterns found
CPAI 6/6: 1749 patterns found
NPAI 1/1: 1741 patterns found
--------------------------
Genome 23/90: NC_017664
No PAI sequences
CPAI 1/4: 863 patterns found
CPAI 2/4: 1753 patterns found
CPAI 3/4: 1610 patterns found
CPAI 4/4: 1742 patterns found
NPAI 1/2: 1740 patterns found
NPAI 2/2: 1739 patterns found
--------------------------
Genome 24/90: NC_011751
PAI 1/1: 1749 patterns found
CPAI 1/7: 657 patterns found
CPAI 2/7: 1754 patterns found
CPAI 3/7: 1739 patterns found
CPAI 4/7: 1746 patterns found
CPAI 5/7: 1541 patterns found
CPAI 6/7: 1748 patterns found
CPAI 7/7: 1747 patterns found
NPAI 1/2: 1750 patterns found
NPAI 2/2: 1739 patterns found
--------------------------
Genome 25/90: NC_017641
No PAI sequences
CPAI 1/6: 666 patterns found
CPAI 2/6: 1747 patterns found
CPAI 3/6: 1761 patterns found
CPAI 4/6: 1746 patterns found
CPAI 5/6: 1738 patterns found
CPAI 6/6: 1687 patterns found
NPAI 1/1: 1721 patterns found
--------------------------
Genome 26/90: NC_017659
No PAI sequences
CPAI 1/2: 1776 patterns found
CPAI 2/2: 1780 patterns found
NPAI 1/1: 1704 patterns found
--------------------------
Genome 27/90: NC_008563
PAI 1/5: 1734 patterns found
PAI 2/5: 1771 patterns found
PAI 3/5: 1755 patterns found
PAI 4/5: 1741 patterns found
PAI 5/5: 1739 patterns found
CPAI 1/7: 1569 patterns found
CPAI 2/7: 1328 patterns found
CPAI 3/7: 953 patterns found
CPAI 4/7: 1546 patterns found
CPAI 5/7: 1757 patterns found
CPAI 6/7: 1750 patterns found
CPAI 7/7: 1750 patterns found
NPAI 1/2: 1751 patterns found
NPAI 2/2: 1749 patterns found
--------------------------
Genome 28/90: NC_007946
No PAI sequences
CPAI 1/10: 666 patterns found
CPAI 2/10: 1745 patterns found
CPAI 3/10: 1752 patterns found
CPAI 4/10: 1755 patterns found
CPAI 5/10: 1749 patterns found
CPAI 6/10: 1744 patterns found
CPAI 7/10: 1747 patterns found
CPAI 8/10: 1750 patterns found
CPAI 9/10: 1754 patterns found
CPAI 10/10: 1751 patterns found
NPAI 1/2: 1750 patterns found
NPAI 2/2: 1748 patterns found
--------------------------
Genome 29/90: NC_011750
No PAI sequences
CPAI 1/9: 1361 patterns found
CPAI 2/9: 1754 patterns found
CPAI 3/9: 1450 patterns found
CPAI 4/9: 1717 patterns found
CPAI 5/9: 1680 patterns found
CPAI 6/9: 1686 patterns found
CPAI 7/9: 1750 patterns found
CPAI 8/9: 906 patterns found
CPAI 9/9: 0 patterns found
NPAI 1/2: 1638 patterns found
NPAI 2/2: 1741 patterns found
--------------------------
Genome 30/90: NC_012967
No PAI sequences
CPAI 1/7: 1741 patterns found
CPAI 2/7: 1765 patterns found
CPAI 3/7: 1683 patterns found
CPAI 4/7: 1742 patterns found
CPAI 5/7: 1756 patterns found
CPAI 6/7: 1487 patterns found
CPAI 7/7: 1753 patterns found
NPAI 1/1: 1687 patterns found
--------------------------
Genome 31/90: NC_012947
No PAI sequences
CPAI 1/5: 1756 patterns found
CPAI 2/5: 1767 patterns found
CPAI 3/5: 1742 patterns found
CPAI 4/5: 1744 patterns found
CPAI 5/5: 1753 patterns found
NPAI 1/2: 0 patterns found
NPAI 2/2: 1684 patterns found
--------------------------
Genome 32/90: NC_007779
No PAI sequences
CPAI 1/4: 1521 patterns found
CPAI 2/4: 1752 patterns found
CPAI 3/4: 1720 patterns found
CPAI 4/4: 1586 patterns found
NPAI 1/3: 1600 patterns found
NPAI 2/3: 1744 patterns found
NPAI 3/3: 1750 patterns found
--------------------------
Genome 33/90: NC_009788
No PAI sequences
No CPAI sequences
No NPAI sequences
--------------------------
Genome 34/90: NC_017632
No PAI sequences
CPAI 1/10: 1738 patterns found
CPAI 2/10: 1749 patterns found
CPAI 3/10: 1753 patterns found
CPAI 4/10: 1750 patterns found
CPAI 5/10: 1757 patterns found
CPAI 6/10: 1752 patterns found
CPAI 7/10: 1751 patterns found
CPAI 8/10: 1749 patterns found
CPAI 9/10: 1761 patterns found
CPAI 10/10: 1739 patterns found
NPAI 1/2: 1742 patterns found
NPAI 2/2: 1750 patterns found
--------------------------
Genome 35/90: NC_009786
No PAI sequences
No CPAI sequences
No NPAI sequences
--------------------------
Genome 36/90: NC_017657
No PAI sequences
CPAI 1/1: 1821 patterns found
No NPAI sequences
--------------------------
Genome 37/90: NC_010468
No PAI sequences
CPAI 1/3: 1742 patterns found
CPAI 2/3: 1735 patterns found
CPAI 3/3: 631 patterns found
NPAI 1/2: 1743 patterns found
NPAI 2/2: 1746 patterns found
--------------------------
Genome 38/90: NC_013366
No PAI sequences
No CPAI sequences
NPAI 1/2: 1812 patterns found
NPAI 2/2: 1647 patterns found
--------------------------
Genome 39/90: NC_013369
No PAI sequences
No CPAI sequences
NPAI 1/1: 771 patterns found
--------------------------
Genome 40/90: NC_018662
No PAI sequences
No CPAI sequences
NPAI 1/1: 1808 patterns found
--------------------------
Genome 41/90: NC_017634
No PAI sequences
CPAI 1/5: 657 patterns found
CPAI 2/5: 1750 patterns found
CPAI 3/5: 1753 patterns found
CPAI 4/5: 1743 patterns found
CPAI 5/5: 1746 patterns found
NPAI 1/2: 1751 patterns found
NPAI 2/2: 1749 patterns found
--------------------------
Genome 42/90: NC_004431
PAI 1/2: 1759 patterns found
PAI 2/2: 5 patterns found
CPAI 1/12: 664 patterns found
CPAI 2/12: 1717 patterns found
CPAI 3/12: 1747 patterns found
CPAI 4/12: 1755 patterns found
CPAI 5/12: 15 patterns found
CPAI 6/12: 1742 patterns found
CPAI 7/12: 1713 patterns found
CPAI 8/12: 1746 patterns found
CPAI 9/12: 1205 patterns found
CPAI 10/12: 1752 patterns found
CPAI 11/12: 1740 patterns found
CPAI 12/12: 6 patterns found
NPAI 1/2: 1752 patterns found
NPAI 2/2: 1745 patterns found
--------------------------
Genome 43/90: NC_017665
No PAI sequences
No CPAI sequences
NPAI 1/1: 1802 patterns found
--------------------------
Genome 44/90: NC_002655
PAI 1/5: 1149 patterns found
PAI 2/5: 740 patterns found
PAI 3/5: 1732 patterns found
PAI 4/5: 1519 patterns found
PAI 5/5: 1748 patterns found
CPAI 1/7: 707 patterns found
CPAI 2/7: 0 patterns found
CPAI 3/7: 0 patterns found
CPAI 4/7: 1753 patterns found
CPAI 5/7: 1743 patterns found
CPAI 6/7: 0 patterns found
CPAI 7/7: 1347 patterns found
NPAI 1/2: 1737 patterns found
NPAI 2/2: 1743 patterns found
--------------------------
Genome 45/90: NC_017630
No PAI sequences
No CPAI sequences
NPAI 1/1: 1809 patterns found
--------------------------
Genome 46/90: NC_009801
No PAI sequences
CPAI 1/6: 662 patterns found
CPAI 2/6: 1753 patterns found
CPAI 3/6: 1385 patterns found
CPAI 4/6: 1712 patterns found
CPAI 5/6: 1667 patterns found
CPAI 6/6: 0 patterns found
NPAI 1/1: 1738 patterns found
--------------------------
Genome 47/90: NC_009790
No PAI sequences
CPAI 1/2: 1813 patterns found
CPAI 2/2: 1147 patterns found
No NPAI sequences
--------------------------
Genome 48/90: NC_013010
No PAI sequences
No CPAI sequences
NPAI 1/1: 1801 patterns found
--------------------------
Genome 49/90: NC_007414
No PAI sequences
No CPAI sequences
NPAI 1/1: 1804 patterns found
--------------------------
Genome 50/90: NC_018659
No PAI sequences
CPAI 1/1: 1815 patterns found
No NPAI sequences
--------------------------
Genome 51/90: NC_013354
No PAI sequences
CPAI 1/1: 7 patterns found
No NPAI sequences
--------------------------
Genome 52/90: NC_011742
No PAI sequences
CPAI 1/7: 1262 patterns found
CPAI 2/7: 1752 patterns found
CPAI 3/7: 1754 patterns found
CPAI 4/7: 1707 patterns found
CPAI 5/7: 1757 patterns found
CPAI 6/7: 1753 patterns found
CPAI 7/7: 1746 patterns found
NPAI 1/2: 1750 patterns found
NPAI 2/2: 1748 patterns found
--------------------------
Genome 53/90: NC_018661
No PAI sequences
CPAI 1/13: 1748 patterns found
CPAI 2/13: 1740 patterns found
CPAI 3/13: 1476 patterns found
CPAI 4/13: 1753 patterns found
CPAI 5/13: 1766 patterns found
CPAI 6/13: 1750 patterns found
CPAI 7/13: 1369 patterns found
CPAI 8/13: 1687 patterns found
CPAI 9/13: 1687 patterns found
CPAI 10/13: 652 patterns found
CPAI 11/13: 1734 patterns found
CPAI 12/13: 1753 patterns found
CPAI 13/13: 95 patterns found
NPAI 1/1: 1742 patterns found
--------------------------
Genome 54/90: NC_011749
No PAI sequences
CPAI 1/1: 1808 patterns found
NPAI 1/1: 1807 patterns found
--------------------------
Genome 55/90: NC_009800
No PAI sequences
CPAI 1/4: 656 patterns found
CPAI 2/4: 1768 patterns found
CPAI 3/4: 1407 patterns found
CPAI 4/4: 1736 patterns found
NPAI 1/1: 1688 patterns found
--------------------------
Genome 56/90: NC_013655
No PAI sequences
No CPAI sequences
NPAI 1/1: 1806 patterns found
--------------------------
Genome 57/90: NC_007941
No PAI sequences
No CPAI sequences
NPAI 1/1: 1806 patterns found
--------------------------
Genome 58/90: NC_017907
No PAI sequences
No CPAI sequences
NPAI 1/1: 1804 patterns found
--------------------------
Genome 59/90: NC_010473
No PAI sequences
CPAI 1/4: 1518 patterns found
CPAI 2/4: 1753 patterns found
CPAI 3/4: 1720 patterns found
CPAI 4/4: 1743 patterns found
NPAI 1/2: 1602 patterns found
NPAI 2/2: 1761 patterns found
--------------------------
Genome 60/90: NC_011739
No PAI sequences
No CPAI sequences
No NPAI sequences
--------------------------
Genome 61/90: NC_017638
No PAI sequences
CPAI 1/3: 1696 patterns found
CPAI 2/3: 1694 patterns found
CPAI 3/3: 1744 patterns found
NPAI 1/3: 1596 patterns found
NPAI 2/3: 1746 patterns found
NPAI 3/3: 1746 patterns found
--------------------------
Genome 62/90: NC_018666
No PAI sequences
No CPAI sequences
NPAI 1/1: 1808 patterns found
--------------------------
Genome 63/90: NC_013364
PAI 1/1: 1759 patterns found
CPAI 1/9: 956 patterns found
CPAI 2/9: 0 patterns found
CPAI 3/9: 151 patterns found
CPAI 4/9: 1626 patterns found
CPAI 5/9: 573 patterns found
CPAI 6/9: 1754 patterns found
CPAI 7/9: 1112 patterns found
CPAI 8/9: 1665 patterns found
CPAI 9/9: 1647 patterns found
No NPAI sequences
--------------------------
Genome 64/90: NC_017656
No PAI sequences
CPAI 1/5: 666 patterns found
CPAI 2/5: 1748 patterns found
CPAI 3/5: 1750 patterns found
CPAI 4/5: 1636 patterns found
CPAI 5/5: 1749 patterns found
NPAI 1/2: 1751 patterns found
NPAI 2/2: 1741 patterns found
--------------------------
Genome 65/90: NC_011601
No PAI sequences
CPAI 1/5: 1739 patterns found
CPAI 2/5: 1598 patterns found
CPAI 3/5: 1759 patterns found
CPAI 4/5: 1469 patterns found
CPAI 5/5: 1761 patterns found
NPAI 1/2: 1749 patterns found
NPAI 2/2: 1747 patterns found
--------------------------
Genome 66/90: NC_013941
No PAI sequences
CPAI 1/5: 704 patterns found
CPAI 2/5: 1757 patterns found
CPAI 3/5: 1749 patterns found
CPAI 4/5: 1714 patterns found
CPAI 5/5: 1750 patterns found
NPAI 1/2: 1751 patterns found
NPAI 2/2: 1741 patterns found
--------------------------
Genome 67/90: NC_017633
No PAI sequences
CPAI 1/7: 656 patterns found
CPAI 2/7: 1699 patterns found
CPAI 3/7: 1753 patterns found
CPAI 4/7: 1517 patterns found
CPAI 5/7: 1608 patterns found
CPAI 6/7: 1751 patterns found
CPAI 7/7: 1659 patterns found
NPAI 1/2: 1691 patterns found
NPAI 2/2: 1747 patterns found
--------------------------
Genome 68/90: NC_013361
PAI 1/1: 1744 patterns found
CPAI 1/6: 1070 patterns found
CPAI 2/6: 1749 patterns found
CPAI 3/6: 1748 patterns found
CPAI 4/6: 1714 patterns found
CPAI 5/6: 1543 patterns found
CPAI 6/6: 1334 patterns found
NPAI 1/1: 1713 patterns found
--------------------------
Genome 69/90: NC_017637
No PAI sequences
No CPAI sequences
NPAI 1/1: 1802 patterns found
--------------------------
Genome 70/90: NC_013654
No PAI sequences
CPAI 1/4: 1746 patterns found
CPAI 2/4: 1422 patterns found
CPAI 3/4: 1737 patterns found
CPAI 4/4: 1468 patterns found
NPAI 1/2: 1745 patterns found
NPAI 2/2: 1743 patterns found
--------------------------
Genome 71/90: NC_011415
No PAI sequences
CPAI 1/2: 958 patterns found
CPAI 2/2: 1745 patterns found
NPAI 1/2: 1743 patterns found
NPAI 2/2: 1735 patterns found
--------------------------
Genome 72/90: NC_017642
No PAI sequences
CPAI 1/1: 1798 patterns found
No NPAI sequences
--------------------------
Genome 73/90: NC_017651
No PAI sequences
CPAI 1/12: 665 patterns found
CPAI 2/12: 1746 patterns found
CPAI 3/12: 1716 patterns found
CPAI 4/12: 1751 patterns found
CPAI 5/12: 1754 patterns found
CPAI 6/12: 1758 patterns found
CPAI 7/12: 1744 patterns found
CPAI 8/12: 1707 patterns found
CPAI 9/12: 1750 patterns found
CPAI 10/12: 1741 patterns found
CPAI 11/12: 1758 patterns found
CPAI 12/12: 1739 patterns found
NPAI 1/2: 1750 patterns found
NPAI 2/2: 1747 patterns found
--------------------------
Genome 74/90: NC_017646
No PAI sequences
CPAI 1/8: 1756 patterns found
CPAI 2/8: 1748 patterns found
CPAI 3/8: 1468 patterns found
CPAI 4/8: 1737 patterns found
CPAI 5/8: 1741 patterns found
CPAI 6/8: 412 patterns found
CPAI 7/8: 1693 patterns found
CPAI 8/8: 1666 patterns found
NPAI 1/2: 1307 patterns found
NPAI 2/2: 1738 patterns found
--------------------------
Genome 75/90: NC_009837
No PAI sequences
CPAI 1/2: 1792 patterns found
CPAI 2/2: 1812 patterns found
NPAI 1/1: 1796 patterns found
--------------------------
Genome 76/90: NC_018658
No PAI sequences
CPAI 1/13: 1757 patterns found
CPAI 2/13: 1738 patterns found
CPAI 3/13: 1744 patterns found
CPAI 4/13: 1753 patterns found
CPAI 5/13: 1765 patterns found
CPAI 6/13: 1757 patterns found
CPAI 7/13: 1743 patterns found
CPAI 8/13: 1620 patterns found
CPAI 9/13: 1688 patterns found
CPAI 10/13: 652 patterns found
CPAI 11/13: 1742 patterns found
CPAI 12/13: 1751 patterns found
CPAI 13/13: 1534 patterns found
NPAI 1/1: 1743 patterns found
--------------------------
Genome 77/90: NC_022370
No PAI sequences
CPAI 1/8: 662 patterns found
CPAI 2/8: 1745 patterns found
CPAI 3/8: 1750 patterns found
CPAI 4/8: 1752 patterns found
CPAI 5/8: 1743 patterns found
CPAI 6/8: 1751 patterns found
CPAI 7/8: 1745 patterns found
CPAI 8/8: 1751 patterns found
NPAI 1/3: 1750 patterns found
NPAI 2/3: 1749 patterns found
NPAI 3/3: 1747 patterns found
--------------------------
Genome 78/90: NC_011353
No PAI sequences
CPAI 1/6: 674 patterns found
CPAI 2/6: 1138 patterns found
CPAI 3/6: 1690 patterns found
CPAI 4/6: 1741 patterns found
CPAI 5/6: 1206 patterns found
CPAI 6/6: 1747 patterns found
NPAI 1/1: 1738 patterns found
--------------------------
Genome 79/90: NC_011747
No PAI sequences
CPAI 1/3: 1812 patterns found
CPAI 2/3: 1763 patterns found
CPAI 3/3: 1805 patterns found
NPAI 1/1: 1814 patterns found
--------------------------
Genome 80/90: NC_012759
No PAI sequences
CPAI 1/5: 1500 patterns found
CPAI 2/5: 1752 patterns found
CPAI 3/5: 1602 patterns found
CPAI 4/5: 1749 patterns found
CPAI 5/5: 1720 patterns found
NPAI 1/2: 1747 patterns found
NPAI 2/2: 1747 patterns found
--------------------------
Genome 81/90: NC_017626
No PAI sequences
CPAI 1/11: 1485 patterns found
CPAI 2/11: 1754 patterns found
CPAI 3/11: 1746 patterns found
CPAI 4/11: 1752 patterns found
CPAI 5/11: 1745 patterns found
CPAI 6/11: 45 patterns found
CPAI 7/11: 1747 patterns found
CPAI 8/11: 1743 patterns found
CPAI 9/11: 1765 patterns found
CPAI 10/11: 1745 patterns found
CPAI 11/11: 1744 patterns found
NPAI 1/1: 1756 patterns found
--------------------------
Genome 82/90: NC_009838
No PAI sequences
CPAI 1/1: 1797 patterns found
No NPAI sequences
--------------------------
Genome 83/90: NC_011748
No PAI sequences
CPAI 1/10: 641 patterns found
CPAI 2/10: 1760 patterns found
CPAI 3/10: 1751 patterns found
CPAI 4/10: 1751 patterns found
CPAI 5/10: 1715 patterns found
CPAI 6/10: 1108 patterns found
CPAI 7/10: 36 patterns found
CPAI 8/10: 1751 patterns found
CPAI 9/10: 1746 patterns found
CPAI 10/10: 1386 patterns found
NPAI 1/1: 1740 patterns found
--------------------------
Genome 84/90: NC_017627
No PAI sequences
No CPAI sequences
NPAI 1/1: 1716 patterns found
--------------------------
Genome 85/90: NC_011741
No PAI sequences
CPAI 1/2: 954 patterns found
CPAI 2/2: 1751 patterns found
NPAI 1/2: 1742 patterns found
NPAI 2/2: 1742 patterns found
--------------------------
Genome 86/90: NC_000913
No PAI sequences
CPAI 1/4: 1527 patterns found
CPAI 2/4: 1324 patterns found
CPAI 3/4: 1720 patterns found
CPAI 4/4: 1752 patterns found
NPAI 1/3: 1603 patterns found
NPAI 2/3: 1747 patterns found
NPAI 3/3: 1748 patterns found
--------------------------
Genome 87/90: NC_017660
No PAI sequences
CPAI 1/4: 1068 patterns found
CPAI 2/4: 1752 patterns found
CPAI 3/4: 1635 patterns found
CPAI 4/4: 1744 patterns found
NPAI 1/2: 1738 patterns found
NPAI 2/2: 1743 patterns found
--------------------------
Genome 88/90: NC_017628
No PAI sequences
CPAI 1/8: 656 patterns found
CPAI 2/8: 1746 patterns found
CPAI 3/8: 1752 patterns found
CPAI 4/8: 1752 patterns found
CPAI 5/8: 1745 patterns found
CPAI 6/8: 1742 patterns found
CPAI 7/8: 1743 patterns found
CPAI 8/8: 1747 patterns found
NPAI 1/3: 1750 patterns found
NPAI 2/3: 1749 patterns found
NPAI 3/3: 1750 patterns found
--------------------------
Genome 89/90: NC_011419
No PAI sequences
No CPAI sequences
NPAI 1/1: 1798 patterns found
--------------------------
Genome 90/90: NC_002128
No PAI sequences
No CPAI sequences
NPAI 1/1: 1804 patterns found
--------------------------
